<?xml version="1.0" encoding="UTF-8" ?>
<testsuite tests="1" failures="0" name="test.TestEntities" time="309.503" errors="1" skipped="0">
  <properties>
[...]
</properties>
  <testcase classname="test.TestEntities" name="testEJB" time="309.503">
    <error type="javax.ejb.EJBTransactionRolledbackException">javax.ejb.EJBTransactionRolledbackException
	at com.sun.ejb.containers.BaseContainer.mapLocal3xException(BaseContainer.java:2376)
	at com.sun.ejb.containers.BaseContainer.postInvoke(BaseContainer.java:2158)
	at com.sun.ejb.containers.BaseContainer.postInvoke(BaseContainer.java:2078)
	at com.sun.ejb.containers.EJBLocalObjectInvocationHandler.invoke(EJBLocalObjectInvocationHandler.java:220)
	at com.sun.ejb.containers.EJBLocalObjectInvocationHandlerDelegate.invoke(EJBLocalObjectInvocationHandlerDelegate.java:88)
	at com.sun.proxy.$Proxy231.listPeople(Unknown Source)
	at sun.reflect.NativeMethodAccessorImpl.invoke0(Native Method)
	at sun.reflect.NativeMethodAccessorImpl.invoke(NativeMethodAccessorImpl.java:62)
	at sun.reflect.DelegatingMethodAccessorImpl.invoke(DelegatingMethodAccessorImpl.java:43)
	at java.lang.reflect.Method.invoke(Method.java:498)
	at org.jboss.weld.util.reflection.Reflections.invokeAndUnwrap(Reflections.java:411)
	at org.jboss.weld.module.ejb.EnterpriseBeanProxyMethodHandler.invoke(EnterpriseBeanProxyMethodHandler.java:128)
	at org.jboss.weld.bean.proxy.EnterpriseTargetBeanInstance.invoke(EnterpriseTargetBeanInstance.java:56)
	at org.jboss.weld.module.ejb.InjectionPointPropagatingEnterpriseTargetBeanInstance.invoke(InjectionPointPropagatingEnterpriseTargetBeanInstance.java:68)
	at org.jboss.weld.bean.proxy.ProxyMethodHandler.invoke(ProxyMethodHandler.java:100)
	at ar.com.dss.sga.dao.PersonDao$481188402$Proxy$_$$_Weld$EnterpriseProxy$.listPeople(Unknown Source)
	at ar.com.dss.sga.service.PersonServiceImpl.listPeople(PersonServiceImpl.java:27)
	at sun.reflect.NativeMethodAccessorImpl.invoke0(Native Method)
	at sun.reflect.NativeMethodAccessorImpl.invoke(NativeMethodAccessorImpl.java:62)
	at sun.reflect.DelegatingMethodAccessorImpl.invoke(DelegatingMethodAccessorImpl.java:43)
	at java.lang.reflect.Method.invoke(Method.java:498)
	at org.glassfish.ejb.security.application.EJBSecurityManager.runMethod(EJBSecurityManager.java:1081)
	at org.glassfish.ejb.security.application.EJBSecurityManager.invoke(EJBSecurityManager.java:1153)
	at com.sun.ejb.containers.BaseContainer.invokeBeanMethod(BaseContainer.java:4820)
	at com.sun.ejb.EjbInvocation.invokeBeanMethod(EjbInvocation.java:656)
	at com.sun.ejb.containers.interceptors.AroundInvokeChainImpl.invokeNext(InterceptorManager.java:824)
	at com.sun.ejb.EjbInvocation.proceed(EjbInvocation.java:608)
	at org.jboss.weld.module.ejb.AbstractEJBRequestScopeActivationInterceptor.aroundInvoke(AbstractEJBRequestScopeActivationInterceptor.java:81)
	at org.jboss.weld.module.ejb.SessionBeanInterceptor.aroundInvoke(SessionBeanInterceptor.java:52)
	at sun.reflect.NativeMethodAccessorImpl.invoke0(Native Method)
	at sun.reflect.NativeMethodAccessorImpl.invoke(NativeMethodAccessorImpl.java:62)
	at sun.reflect.DelegatingMethodAccessorImpl.invoke(DelegatingMethodAccessorImpl.java:43)
	at java.lang.reflect.Method.invoke(Method.java:498)
	at com.sun.ejb.containers.interceptors.AroundInvokeInterceptor.intercept(InterceptorManager.java:883)
	at com.sun.ejb.containers.interceptors.AroundInvokeChainImpl.invokeNext(InterceptorManager.java:823)
	at com.sun.ejb.EjbInvocation.proceed(EjbInvocation.java:608)
	at com.sun.ejb.containers.interceptors.SystemInterceptorProxy.doCall(SystemInterceptorProxy.java:163)
	at com.sun.ejb.containers.interceptors.SystemInterceptorProxy.aroundInvoke(SystemInterceptorProxy.java:140)
	at sun.reflect.NativeMethodAccessorImpl.invoke0(Native Method)
	at sun.reflect.NativeMethodAccessorImpl.invoke(NativeMethodAccessorImpl.java:62)
	at sun.reflect.DelegatingMethodAccessorImpl.invoke(DelegatingMethodAccessorImpl.java:43)
	at java.lang.reflect.Method.invoke(Method.java:498)
	at com.sun.ejb.containers.interceptors.AroundInvokeInterceptor.intercept(InterceptorManager.java:883)
	at com.sun.ejb.containers.interceptors.AroundInvokeChainImpl.invokeNext(InterceptorManager.java:823)
	at com.sun.ejb.containers.interceptors.InterceptorManager.intercept(InterceptorManager.java:369)
	at com.sun.ejb.containers.BaseContainer.__intercept(BaseContainer.java:4792)
	at com.sun.ejb.containers.BaseContainer.intercept(BaseContainer.java:4780)
	at com.sun.ejb.containers.EJBLocalObjectInvocationHandler.invoke(EJBLocalObjectInvocationHandler.java:212)
	at com.sun.ejb.containers.EJBLocalObjectInvocationHandlerDelegate.invoke(EJBLocalObjectInvocationHandlerDelegate.java:88)
	at com.sun.proxy.$Proxy181.listPeople(Unknown Source)
	at test.TestEntities.testEJBPersonService(TestEntities.java:107)
	at test.TestEntities.testEJB(TestEntities.java:99)
	at sun.reflect.NativeMethodAccessorImpl.invoke0(Native Method)
	at sun.reflect.NativeMethodAccessorImpl.invoke(NativeMethodAccessorImpl.java:62)
	at sun.reflect.DelegatingMethodAccessorImpl.invoke(DelegatingMethodAccessorImpl.java:43)
	at java.lang.reflect.Method.invoke(Method.java:498)
	at org.junit.runners.model.FrameworkMethod$1.runReflectiveCall(FrameworkMethod.java:50)
	at org.junit.internal.runners.model.ReflectiveCallable.run(ReflectiveCallable.java:12)
	at org.junit.runners.model.FrameworkMethod.invokeExplosively(FrameworkMethod.java:47)
	at org.junit.internal.runners.statements.InvokeMethod.evaluate(InvokeMethod.java:17)
	at org.junit.internal.runners.statements.RunBefores.evaluate(RunBefores.java:26)
	at org.junit.runners.ParentRunner.runLeaf(ParentRunner.java:325)
	at org.junit.runners.BlockJUnit4ClassRunner.runChild(BlockJUnit4ClassRunner.java:78)
	at org.junit.runners.BlockJUnit4ClassRunner.runChild(BlockJUnit4ClassRunner.java:57)
	at org.junit.runners.ParentRunner$3.run(ParentRunner.java:290)
	at org.junit.runners.ParentRunner$1.schedule(ParentRunner.java:71)
	at org.junit.runners.ParentRunner.runChildren(ParentRunner.java:288)
	at org.junit.runners.ParentRunner.access$000(ParentRunner.java:58)
	at org.junit.runners.ParentRunner$2.evaluate(ParentRunner.java:268)
	at org.junit.runners.ParentRunner.run(ParentRunner.java:363)
	at org.apache.maven.surefire.junit4.JUnit4Provider.execute(JUnit4Provider.java:252)
	at org.apache.maven.surefire.junit4.JUnit4Provider.executeTestSet(JUnit4Provider.java:141)
	at org.apache.maven.surefire.junit4.JUnit4Provider.invoke(JUnit4Provider.java:112)
	at sun.reflect.NativeMethodAccessorImpl.invoke0(Native Method)
	at sun.reflect.NativeMethodAccessorImpl.invoke(NativeMethodAccessorImpl.java:62)
	at sun.reflect.DelegatingMethodAccessorImpl.invoke(DelegatingMethodAccessorImpl.java:43)
	at java.lang.reflect.Method.invoke(Method.java:498)
	at org.apache.maven.surefire.util.ReflectionUtils.invokeMethodWithArray(ReflectionUtils.java:189)
	at org.apache.maven.surefire.booter.ProviderFactory$ProviderProxy.invoke(ProviderFactory.java:165)
	at org.apache.maven.surefire.booter.ProviderFactory.invokeProvider(ProviderFactory.java:85)
	at org.apache.maven.surefire.booter.ForkedBooter.runSuitesInProcess(ForkedBooter.java:115)
	at org.apache.maven.surefire.booter.ForkedBooter.main(ForkedBooter.java:75)
Caused by: javax.ejb.TransactionRolledbackLocalException: Exception thrown from bean
	at com.sun.ejb.containers.EJBContainerTransactionManager.checkExceptionClientTx(EJBContainerTransactionManager.java:666)
	at com.sun.ejb.containers.EJBContainerTransactionManager.postInvokeTx(EJBContainerTransactionManager.java:511)
	at com.sun.ejb.containers.BaseContainer.postInvokeTx(BaseContainer.java:4600)
	at com.sun.ejb.containers.BaseContainer.postInvoke(BaseContainer.java:2108)
	... 80 more
Caused by: java.lang.IllegalStateException: Unable to retrieve EntityManagerFactory for unitName PersonPU
	at com.sun.enterprise.container.common.impl.EntityManagerWrapper.init(EntityManagerWrapper.java:138)
	at com.sun.enterprise.container.common.impl.EntityManagerWrapper._getDelegate(EntityManagerWrapper.java:171)
	at com.sun.enterprise.container.common.impl.EntityManagerWrapper.createNamedQuery(EntityManagerWrapper.java:515)
	at ar.com.dss.sga.dao.PersonDaoImpl.listPeople(PersonDaoImpl.java:27)
	at sun.reflect.NativeMethodAccessorImpl.invoke0(Native Method)
	at sun.reflect.NativeMethodAccessorImpl.invoke(NativeMethodAccessorImpl.java:62)
	at sun.reflect.DelegatingMethodAccessorImpl.invoke(DelegatingMethodAccessorImpl.java:43)
	at java.lang.reflect.Method.invoke(Method.java:498)
	at org.glassfish.ejb.security.application.EJBSecurityManager.runMethod(EJBSecurityManager.java:1081)
	at org.glassfish.ejb.security.application.EJBSecurityManager.invoke(EJBSecurityManager.java:1153)
	at com.sun.ejb.containers.BaseContainer.invokeBeanMethod(BaseContainer.java:4820)
	at com.sun.ejb.EjbInvocation.invokeBeanMethod(EjbInvocation.java:656)
	at com.sun.ejb.containers.interceptors.AroundInvokeChainImpl.invokeNext(InterceptorManager.java:824)
	at com.sun.ejb.EjbInvocation.proceed(EjbInvocation.java:608)
	at org.jboss.weld.module.ejb.AbstractEJBRequestScopeActivationInterceptor.aroundInvoke(AbstractEJBRequestScopeActivationInterceptor.java:72)
	at org.jboss.weld.module.ejb.SessionBeanInterceptor.aroundInvoke(SessionBeanInterceptor.java:52)
	at sun.reflect.NativeMethodAccessorImpl.invoke0(Native Method)
	at sun.reflect.NativeMethodAccessorImpl.invoke(NativeMethodAccessorImpl.java:62)
	at sun.reflect.DelegatingMethodAccessorImpl.invoke(DelegatingMethodAccessorImpl.java:43)
	at java.lang.reflect.Method.invoke(Method.java:498)
	at com.sun.ejb.containers.interceptors.AroundInvokeInterceptor.intercept(InterceptorManager.java:883)
	at com.sun.ejb.containers.interceptors.AroundInvokeChainImpl.invokeNext(InterceptorManager.java:823)
	at com.sun.ejb.EjbInvocation.proceed(EjbInvocation.java:608)
	at com.sun.ejb.containers.interceptors.SystemInterceptorProxy.doCall(SystemInterceptorProxy.java:163)
	at com.sun.ejb.containers.interceptors.SystemInterceptorProxy.aroundInvoke(SystemInterceptorProxy.java:140)
	at sun.reflect.NativeMethodAccessorImpl.invoke0(Native Method)
	at sun.reflect.NativeMethodAccessorImpl.invoke(NativeMethodAccessorImpl.java:62)
	at sun.reflect.DelegatingMethodAccessorImpl.invoke(DelegatingMethodAccessorImpl.java:43)
	at java.lang.reflect.Method.invoke(Method.java:498)
	at com.sun.ejb.containers.interceptors.AroundInvokeInterceptor.intercept(InterceptorManager.java:883)
	at com.sun.ejb.containers.interceptors.AroundInvokeChainImpl.invokeNext(InterceptorManager.java:823)
	at com.sun.ejb.containers.interceptors.InterceptorManager.intercept(InterceptorManager.java:369)
	at com.sun.ejb.containers.BaseContainer.__intercept(BaseContainer.java:4792)
	at com.sun.ejb.containers.BaseContainer.intercept(BaseContainer.java:4780)
	at com.sun.ejb.containers.EJBLocalObjectInvocationHandler.invoke(EJBLocalObjectInvocationHandler.java:212)
	... 78 more
</error>
    <system-out>06:19:52 [main] DEBUG org.jboss.logging - Logging Provider: org.jboss.logging.Log4j2LoggerProvider
06:19:52 [main] INFO  org.hibernate.validator.internal.util.Version - HV000001: Hibernate Validator 6.0.2.Final
06:19:52 [main] DEBUG org.hibernate.validator.internal.engine.resolver.DefaultTraversableResolver - Found javax.persistence.Persistence on classpath containing &apos;getPersistenceUtil&apos;. Assuming JPA 2 environment. Trying to instantiate JPA aware TraversableResolver
06:19:52 [main] DEBUG org.hibernate.validator.internal.engine.resolver.DefaultTraversableResolver - Instantiated JPA aware TraversableResolver of type org.hibernate.validator.internal.engine.resolver.JPATraversableResolver.
06:19:52 [main] DEBUG org.hibernate.validator.internal.xml.ValidationXmlParser - Trying to load META-INF/validation.xml for XML based Validator configuration.
06:19:52 [main] DEBUG org.hibernate.validator.internal.xml.ResourceLoaderHelper - Trying to load META-INF/validation.xml via TCCL
06:19:52 [main] DEBUG org.hibernate.validator.internal.xml.ResourceLoaderHelper - Trying to load META-INF/validation.xml via Hibernate Validator&apos;s class loader
06:19:52 [main] DEBUG org.hibernate.validator.internal.xml.ValidationXmlParser - No META-INF/validation.xml found. Using annotation based configuration only.
06:19:52 [main] DEBUG org.hibernate.validator.messageinterpolation.ResourceBundleMessageInterpolator - Loaded expression factory via original TCCL
JdbcRuntimeExtension,  getAllSystemRAResourcesAndPools = [GlassFishConfigBean.org.glassfish.jdbc.config.JdbcResource, GlassFishConfigBean.org.glassfish.jdbc.config.JdbcResource, GlassFishConfigBean.org.glassfish.jdbc.config.JdbcConnectionPool, GlassFishConfigBean.org.glassfish.jdbc.config.JdbcConnectionPool]
06:20:02 [main] DEBUG org.hibernate.validator.internal.engine.resolver.DefaultTraversableResolver - Found javax.persistence.Persistence on classpath containing &apos;getPersistenceUtil&apos;. Assuming JPA 2 environment. Trying to instantiate JPA aware TraversableResolver
06:20:02 [main] DEBUG org.hibernate.validator.internal.engine.resolver.DefaultTraversableResolver - Instantiated JPA aware TraversableResolver of type org.hibernate.validator.internal.engine.resolver.JPATraversableResolver.
06:20:02 [main] DEBUG org.hibernate.validator.internal.xml.ValidationXmlParser - Trying to load META-INF/validation.xml for XML based Validator configuration.
06:20:02 [main] DEBUG org.hibernate.validator.internal.xml.ResourceLoaderHelper - Trying to load META-INF/validation.xml via TCCL
06:20:02 [main] DEBUG org.hibernate.validator.internal.xml.ResourceLoaderHelper - Trying to load META-INF/validation.xml via Hibernate Validator&apos;s class loader
06:20:02 [main] DEBUG org.hibernate.validator.internal.xml.ValidationXmlParser - No META-INF/validation.xml found. Using annotation based configuration only.
06:20:02 [main] DEBUG org.hibernate.validator.messageinterpolation.ResourceBundleMessageInterpolator - Loaded expression factory via original TCCL
06:24:49 [main] INFO  org.jboss.weld.Version - WELD-000900: 3.0.0 (Final)
06:24:55 [main] DEBUG org.hibernate.validator.internal.engine.resolver.DefaultTraversableResolver - Found javax.persistence.Persistence on classpath containing &apos;getPersistenceUtil&apos;. Assuming JPA 2 environment. Trying to instantiate JPA aware TraversableResolver
06:24:55 [main] DEBUG org.hibernate.validator.internal.engine.resolver.DefaultTraversableResolver - Instantiated JPA aware TraversableResolver of type org.hibernate.validator.internal.engine.resolver.JPATraversableResolver.
06:24:55 [main] DEBUG org.hibernate.validator.internal.engine.ConfigurationImpl - Setting custom ParameterNameProvider of type org.hibernate.validator.internal.engine.DefaultParameterNameProvider
06:24:55 [main] DEBUG org.hibernate.validator.internal.xml.ValidationXmlParser - Trying to load META-INF/validation.xml for XML based Validator configuration.
06:24:55 [main] DEBUG org.hibernate.validator.internal.xml.ResourceLoaderHelper - Trying to load META-INF/validation.xml via TCCL
06:24:55 [main] DEBUG org.hibernate.validator.internal.xml.ResourceLoaderHelper - Trying to load META-INF/validation.xml via Hibernate Validator&apos;s class loader
06:24:55 [main] DEBUG org.hibernate.validator.internal.xml.ValidationXmlParser - No META-INF/validation.xml found. Using annotation based configuration only.
06:24:56 [main] DEBUG org.hibernate.validator.messageinterpolation.ResourceBundleMessageInterpolator - Loaded expression factory via original TCCL
06:24:56 [main] DEBUG org.hibernate.validator.internal.engine.resolver.DefaultTraversableResolver - Found javax.persistence.Persistence on classpath containing &apos;getPersistenceUtil&apos;. Assuming JPA 2 environment. Trying to instantiate JPA aware TraversableResolver
06:24:56 [main] DEBUG org.hibernate.validator.internal.engine.resolver.DefaultTraversableResolver - Instantiated JPA aware TraversableResolver of type org.hibernate.validator.internal.engine.resolver.JPATraversableResolver.
06:24:56 [main] DEBUG org.hibernate.validator.internal.engine.ConfigurationImpl - Setting custom ParameterNameProvider of type org.hibernate.validator.internal.engine.DefaultParameterNameProvider
06:24:56 [main] DEBUG org.hibernate.validator.internal.xml.ValidationXmlParser - Trying to load META-INF/validation.xml for XML based Validator configuration.
06:24:56 [main] DEBUG org.hibernate.validator.internal.xml.ResourceLoaderHelper - Trying to load META-INF/validation.xml via TCCL
06:24:56 [main] DEBUG org.hibernate.validator.internal.xml.ResourceLoaderHelper - Trying to load META-INF/validation.xml via Hibernate Validator&apos;s class loader
06:24:56 [main] DEBUG org.hibernate.validator.internal.xml.ValidationXmlParser - No META-INF/validation.xml found. Using annotation based configuration only.
06:24:56 [main] DEBUG org.hibernate.validator.messageinterpolation.ResourceBundleMessageInterpolator - Loaded expression factory via original TCCL
06:24:56 [main] DEBUG org.jboss.weld.BootstrapTracker - START bootstrap 
06:24:56 [main] DEBUG org.jboss.weld.BootstrapTracker - START bootstrap &gt; startContainer 
06:24:56 [main] DEBUG org.jboss.weld.Configuration - WELD-001902: Following configuration was detected and applied: {org.jboss.weld.bootstrap.concurrentDeployment=false, org.jboss.weld.bootstrap.preloaderThreadPoolSize=0, org.jboss.weld.nonPortableMode=false}
06:24:56 [main] DEBUG org.jboss.weld.BootstrapTracker - START bootstrap &gt; startContainer &gt; initServices 
06:24:56 [main] DEBUG org.jboss.weld.Bootstrap - Using Weld modules: [weld-ejb, weld-jta, weld-web]
06:24:56 [main] DEBUG org.jboss.weld.Bootstrap - WELD-000124: Using 4 threads for bootstrap
06:24:56 [main] DEBUG org.jboss.weld.Bootstrap - Using instantiator: org.jboss.weld.bean.proxy.DefaultProxyInstantiator
06:24:56 [main] DEBUG org.jboss.weld.BootstrapTracker -   END bootstrap &gt; startContainer &gt; initServices (276 ms)
06:24:56 [main] DEBUG org.jboss.weld.BootstrapTracker - START bootstrap &gt; startContainer &gt; builtinContexts 
06:24:56 [main] DEBUG org.jboss.weld.Bootstrap - WELD-000106: Bean: WELD%AbstractBuiltInBean%deployment%ApplicationContext
06:24:56 [main] DEBUG org.jboss.weld.Reflection - WELD-000601: interface javax.inject.Singleton is missing @Target. Weld will use this annotation, however this may make the application unportable.
06:24:56 [main] DEBUG org.jboss.weld.Bootstrap - WELD-000106: Bean: WELD%AbstractBuiltInBean%deployment%SingletonContext
06:24:56 [main] DEBUG org.jboss.weld.Bootstrap - WELD-000106: Bean: WELD%AbstractBuiltInBean%deployment%BoundSessionContext
06:24:56 [main] DEBUG org.jboss.weld.Bootstrap - WELD-000106: Bean: WELD%AbstractBuiltInBean%deployment%BoundConversationContext
06:24:56 [main] DEBUG org.jboss.weld.Bootstrap - WELD-000106: Bean: WELD%AbstractBuiltInBean%deployment%BoundRequestContext
06:24:56 [main] DEBUG org.jboss.weld.Bootstrap - WELD-000106: Bean: WELD%AbstractBuiltInBean%deployment%RequestContext
06:24:56 [main] DEBUG org.jboss.weld.Bootstrap - WELD-000106: Bean: WELD%AbstractBuiltInBean%deployment%DependentContext
06:24:56 [main] DEBUG org.jboss.weld.Bootstrap - WELD-000106: Bean: WELD%AbstractBuiltInBean%deployment%EjbRequestContext
06:24:56 [main] DEBUG org.jboss.weld.Bootstrap - WELD-000106: Bean: WELD%AbstractBuiltInBean%deployment%HttpSessionContext
06:24:56 [main] DEBUG org.jboss.weld.Bootstrap - WELD-000106: Bean: WELD%AbstractBuiltInBean%deployment%HttpSessionDestructionContext
06:24:56 [main] DEBUG org.jboss.weld.Bootstrap - WELD-000106: Bean: WELD%AbstractBuiltInBean%deployment%HttpConversationContext
06:24:56 [main] DEBUG org.jboss.weld.Bootstrap - WELD-000106: Bean: WELD%AbstractBuiltInBean%deployment%HttpRequestContext
06:24:56 [main] DEBUG org.jboss.weld.BootstrapTracker -   END bootstrap &gt; startContainer &gt; builtinContexts (153 ms)
06:24:56 [main] DEBUG org.jboss.weld.BootstrapTracker - START bootstrap &gt; startContainer &gt; readDeploymentStructure 
06:24:56 [main] DEBUG org.jboss.weld.Bootstrap - WELD-000106: Bean: Built-in Bean [javax.enterprise.inject.spi.BeanManager] with qualifiers [@Default]
06:24:56 [main] DEBUG org.jboss.weld.Bootstrap - WELD-000106: Bean: Built-in Bean [org.jboss.weld.manager.BeanManagerImpl] with qualifiers [@Default]
06:24:56 [main] DEBUG org.jboss.weld.Bootstrap - WELD-000106: Bean: Built-in Bean [javax.enterprise.inject.spi.BeanManager] with qualifiers [@Default]
06:24:56 [main] DEBUG org.jboss.weld.Bootstrap - WELD-000106: Bean: Built-in Bean [org.jboss.weld.manager.BeanManagerImpl] with qualifiers [@Default]
06:24:56 [main] DEBUG org.jboss.weld.BootstrapTracker -   END bootstrap &gt; startContainer &gt; readDeploymentStructure (62 ms)
06:24:56 [main] DEBUG org.jboss.weld.BootstrapTracker -   END bootstrap &gt; startContainer (630 ms)
06:24:56 [main] DEBUG org.jboss.weld.BootstrapTracker - START bootstrap &gt; startInitialization 
06:24:57 [main] DEBUG org.jboss.weld.Bootstrap - WELD-000106: Bean: Built-in Bean [javax.enterprise.inject.spi.BeanManager] with qualifiers [@Default]
06:24:57 [main] DEBUG org.jboss.weld.Bootstrap - WELD-000106: Bean: Built-in Bean [org.jboss.weld.manager.BeanManagerImpl] with qualifiers [@Default]
06:24:57 [main] DEBUG org.jboss.weld.Bootstrap - WELD-000106: Bean: Extension [class org.glassfish.jersey.ext.cdi1x.transaction.internal.TransactionalExceptionInterceptorProvider] with qualifiers [@Default]; jar:file:/C:/Program%20Files/glassfish5/glassfish/modules/jersey-cdi1x-transaction.jar!/META-INF/services/javax.enterprise.inject.spi.Extension@1[org.glassfish.jersey.ext.cdi1x.transaction.internal.TransactionalExceptionInterceptorProvider@4fa8b39c]
06:24:57 [main] DEBUG org.jboss.weld.Bootstrap - WELD-000168: Extension bean deployed: Extension [class org.glassfish.jersey.ext.cdi1x.transaction.internal.TransactionalExceptionInterceptorProvider] with qualifiers [@Default]; jar:file:/C:/Program%20Files/glassfish5/glassfish/modules/jersey-cdi1x-transaction.jar!/META-INF/services/javax.enterprise.inject.spi.Extension@1[org.glassfish.jersey.ext.cdi1x.transaction.internal.TransactionalExceptionInterceptorProvider@4fa8b39c]
06:24:57 [main] DEBUG org.jboss.weld.Bootstrap - WELD-000106: Bean: Extension [class org.glassfish.cdi.transaction.TransactionalExtension] with qualifiers [@Default]; jar:file:/C:/Program%20Files/glassfish5/glassfish/modules/weld-integration.jar!/META-INF/services/javax.enterprise.inject.spi.Extension@1[org.glassfish.cdi.transaction.TransactionalExtension@6107fce9]
06:24:57 [main] DEBUG org.jboss.weld.Bootstrap - WELD-000168: Extension bean deployed: Extension [class org.glassfish.cdi.transaction.TransactionalExtension] with qualifiers [@Default]; jar:file:/C:/Program%20Files/glassfish5/glassfish/modules/weld-integration.jar!/META-INF/services/javax.enterprise.inject.spi.Extension@1[org.glassfish.cdi.transaction.TransactionalExtension@6107fce9]
06:24:57 [main] DEBUG org.jboss.weld.Bootstrap - WELD-000106: Bean: Extension [class org.glassfish.jersey.ext.cdi1x.servlet.internal.CdiExternalRequestScopeExtension] with qualifiers [@Default]; jar:file:/C:/Program%20Files/glassfish5/glassfish/modules/jersey-cdi1x-servlet.jar!/META-INF/services/javax.enterprise.inject.spi.Extension@1[org.glassfish.jersey.ext.cdi1x.servlet.internal.CdiExternalRequestScopeExtension@2df593ac]
06:24:57 [main] DEBUG org.jboss.weld.Bootstrap - WELD-000168: Extension bean deployed: Extension [class org.glassfish.jersey.ext.cdi1x.servlet.internal.CdiExternalRequestScopeExtension] with qualifiers [@Default]; jar:file:/C:/Program%20Files/glassfish5/glassfish/modules/jersey-cdi1x-servlet.jar!/META-INF/services/javax.enterprise.inject.spi.Extension@1[org.glassfish.jersey.ext.cdi1x.servlet.internal.CdiExternalRequestScopeExtension@2df593ac]
06:24:57 [main] DEBUG org.jboss.weld.Bootstrap - WELD-000106: Bean: Extension [class com.sun.faces.flow.FlowDiscoveryCDIExtension] with qualifiers [@Default]; jar:file:/C:/Program%20Files/glassfish5/glassfish/modules/javax.faces.jar!/META-INF/services/javax.enterprise.inject.spi.Extension@3[com.sun.faces.flow.FlowDiscoveryCDIExtension@6fa9cf83]
06:24:57 [main] DEBUG org.jboss.weld.Bootstrap - WELD-000168: Extension bean deployed: Extension [class com.sun.faces.flow.FlowDiscoveryCDIExtension] with qualifiers [@Default]; jar:file:/C:/Program%20Files/glassfish5/glassfish/modules/javax.faces.jar!/META-INF/services/javax.enterprise.inject.spi.Extension@3[com.sun.faces.flow.FlowDiscoveryCDIExtension@6fa9cf83]
06:24:57 [main] DEBUG org.jboss.weld.Bootstrap - WELD-000106: Bean: Extension [class com.sun.faces.cdi.CdiExtension] with qualifiers [@Default]; jar:file:/C:/Program%20Files/glassfish5/glassfish/modules/javax.faces.jar!/META-INF/services/javax.enterprise.inject.spi.Extension@4[com.sun.faces.cdi.CdiExtension@28791945]
06:24:57 [main] DEBUG org.jboss.weld.Bootstrap - WELD-000168: Extension bean deployed: Extension [class com.sun.faces.cdi.CdiExtension] with qualifiers [@Default]; jar:file:/C:/Program%20Files/glassfish5/glassfish/modules/javax.faces.jar!/META-INF/services/javax.enterprise.inject.spi.Extension@4[com.sun.faces.cdi.CdiExtension@28791945]
06:24:57 [main] DEBUG org.jboss.weld.Bootstrap - WELD-000168: Extension bean deployed: Extension [class com.sun.faces.flow.FlowDiscoveryCDIExtension] with qualifiers [@Default]; jar:file:/C:/Program%20Files/glassfish5/glassfish/modules/javax.faces.jar!/META-INF/services/javax.enterprise.inject.spi.Extension@3[com.sun.faces.flow.FlowDiscoveryCDIExtension@342bb4db]
06:24:57 [main] DEBUG org.jboss.weld.Bootstrap - WELD-000106: Bean: Extension [class com.sun.faces.application.view.ViewScopeExtension] with qualifiers [@Default]; jar:file:/C:/Program%20Files/glassfish5/glassfish/modules/javax.faces.jar!/META-INF/services/javax.enterprise.inject.spi.Extension@1[com.sun.faces.application.view.ViewScopeExtension@6411cb24]
06:24:57 [main] DEBUG org.jboss.weld.Bootstrap - WELD-000168: Extension bean deployed: Extension [class com.sun.faces.application.view.ViewScopeExtension] with qualifiers [@Default]; jar:file:/C:/Program%20Files/glassfish5/glassfish/modules/javax.faces.jar!/META-INF/services/javax.enterprise.inject.spi.Extension@1[com.sun.faces.application.view.ViewScopeExtension@6411cb24]
06:24:57 [main] DEBUG org.jboss.weld.Bootstrap - WELD-000106: Bean: Extension [class com.sun.faces.flow.FlowCDIExtension] with qualifiers [@Default]; jar:file:/C:/Program%20Files/glassfish5/glassfish/modules/javax.faces.jar!/META-INF/services/javax.enterprise.inject.spi.Extension@2[com.sun.faces.flow.FlowCDIExtension@14c84fd6]
06:24:57 [main] DEBUG org.jboss.weld.Bootstrap - WELD-000168: Extension bean deployed: Extension [class com.sun.faces.flow.FlowCDIExtension] with qualifiers [@Default]; jar:file:/C:/Program%20Files/glassfish5/glassfish/modules/javax.faces.jar!/META-INF/services/javax.enterprise.inject.spi.Extension@2[com.sun.faces.flow.FlowCDIExtension@14c84fd6]
06:24:57 [main] DEBUG org.jboss.weld.Bootstrap - WELD-000106: Bean: Extension [class com.ibm.jbatch.container.cdi.BatchCDIInjectionExtension] with qualifiers [@Default]; jar:file:/C:/Program%20Files/glassfish5/glassfish/modules/com.ibm.jbatch.container.jar!/META-INF/services/javax.enterprise.inject.spi.Extension@1[com.ibm.jbatch.container.cdi.BatchCDIInjectionExtension@42f41162]
06:24:57 [main] DEBUG org.jboss.weld.Bootstrap - WELD-000168: Extension bean deployed: Extension [class com.ibm.jbatch.container.cdi.BatchCDIInjectionExtension] with qualifiers [@Default]; jar:file:/C:/Program%20Files/glassfish5/glassfish/modules/com.ibm.jbatch.container.jar!/META-INF/services/javax.enterprise.inject.spi.Extension@1[com.ibm.jbatch.container.cdi.BatchCDIInjectionExtension@42f41162]
06:24:57 [main] DEBUG org.jboss.weld.Bootstrap - WELD-000168: Extension bean deployed: Extension [class org.glassfish.jersey.ext.cdi1x.servlet.internal.CdiExternalRequestScopeExtension] with qualifiers [@Default]; jar:file:/C:/Program%20Files/glassfish5/glassfish/modules/jersey-cdi1x-servlet.jar!/META-INF/services/javax.enterprise.inject.spi.Extension@1[org.glassfish.jersey.ext.cdi1x.servlet.internal.CdiExternalRequestScopeExtension@6a3e2ab3]
06:24:57 [main] DEBUG org.jboss.weld.Bootstrap - WELD-000168: Extension bean deployed: Extension [class com.ibm.jbatch.container.cdi.BatchCDIInjectionExtension] with qualifiers [@Default]; jar:file:/C:/Program%20Files/glassfish5/glassfish/modules/com.ibm.jbatch.container.jar!/META-INF/services/javax.enterprise.inject.spi.Extension@1[com.ibm.jbatch.container.cdi.BatchCDIInjectionExtension@617e89b5]
06:24:57 [main] DEBUG org.jboss.weld.Bootstrap - WELD-000106: Bean: Extension [class org.glassfish.cdi.transaction.TransactionScopedContextExtension] with qualifiers [@Default]; jar:file:/C:/Program%20Files/glassfish5/glassfish/modules/weld-integration.jar!/META-INF/services/javax.enterprise.inject.spi.Extension@2[org.glassfish.cdi.transaction.TransactionScopedContextExtension@55f0e377]
06:24:57 [main] DEBUG org.jboss.weld.Bootstrap - WELD-000168: Extension bean deployed: Extension [class org.glassfish.cdi.transaction.TransactionScopedContextExtension] with qualifiers [@Default]; jar:file:/C:/Program%20Files/glassfish5/glassfish/modules/weld-integration.jar!/META-INF/services/javax.enterprise.inject.spi.Extension@2[org.glassfish.cdi.transaction.TransactionScopedContextExtension@55f0e377]
06:24:57 [main] DEBUG org.jboss.weld.Bootstrap - WELD-000106: Bean: Extension [class org.glassfish.jersey.ext.cdi1x.internal.CdiComponentProvider] with qualifiers [@Default]; jar:file:/C:/Program%20Files/glassfish5/glassfish/modules/jersey-cdi1x.jar!/META-INF/services/javax.enterprise.inject.spi.Extension@1[org.glassfish.jersey.ext.cdi1x.internal.CdiComponentProvider@6e16e6c3]
06:24:57 [main] INFO  org.jboss.weld.Event - WELD-000411: Observer method [BackedAnnotatedMethod] private org.glassfish.jersey.ext.cdi1x.internal.CdiComponentProvider.processAnnotatedType(@Observes ProcessAnnotatedType) receives events for all annotated types. Consider restricting events using @WithAnnotations or a generic type with bounds.
06:24:57 [main] DEBUG org.jboss.weld.Bootstrap - WELD-000168: Extension bean deployed: Extension [class org.glassfish.jersey.ext.cdi1x.internal.CdiComponentProvider] with qualifiers [@Default]; jar:file:/C:/Program%20Files/glassfish5/glassfish/modules/jersey-cdi1x.jar!/META-INF/services/javax.enterprise.inject.spi.Extension@1[org.glassfish.jersey.ext.cdi1x.internal.CdiComponentProvider@6e16e6c3]
06:24:57 [main] DEBUG org.jboss.weld.Bootstrap - WELD-000106: Bean: Extension [class org.hibernate.validator.cdi.internal.ValidationExtension] with qualifiers [@Default]; jar:file:/C:/Program%20Files/glassfish5/glassfish/modules/bean-validator-cdi.jar!/META-INF/services/javax.enterprise.inject.spi.Extension@1[org.hibernate.validator.cdi.internal.ValidationExtension@8196ff1]
06:24:57 [main] DEBUG org.jboss.weld.Bootstrap - WELD-000168: Extension bean deployed: Extension [class org.hibernate.validator.cdi.internal.ValidationExtension] with qualifiers [@Default]; jar:file:/C:/Program%20Files/glassfish5/glassfish/modules/bean-validator-cdi.jar!/META-INF/services/javax.enterprise.inject.spi.Extension@1[org.hibernate.validator.cdi.internal.ValidationExtension@8196ff1]
06:24:57 [main] DEBUG org.jboss.weld.Bootstrap - WELD-000168: Extension bean deployed: Extension [class org.hibernate.validator.cdi.internal.ValidationExtension] with qualifiers [@Default]; jar:file:/C:/Program%20Files/glassfish5/glassfish/modules/bean-validator-cdi.jar!/META-INF/services/javax.enterprise.inject.spi.Extension@1[org.hibernate.validator.cdi.internal.ValidationExtension@5690126f]
06:24:57 [main] DEBUG org.jboss.weld.Bootstrap - WELD-000168: Extension bean deployed: Extension [class org.glassfish.cdi.transaction.TransactionalExtension] with qualifiers [@Default]; jar:file:/C:/Program%20Files/glassfish5/glassfish/modules/weld-integration.jar!/META-INF/services/javax.enterprise.inject.spi.Extension@1[org.glassfish.cdi.transaction.TransactionalExtension@3daeaf18]
06:24:57 [main] DEBUG org.jboss.weld.Bootstrap - WELD-000106: Bean: Extension [class org.glassfish.sse.impl.ServerSentEventCdiExtension] with qualifiers [@Default]; jar:file:/C:/Program%20Files/glassfish5/glassfish/modules/web-sse.jar!/META-INF/services/javax.enterprise.inject.spi.Extension@1[org.glassfish.sse.impl.ServerSentEventCdiExtension@177b38b9]
06:24:57 [main] INFO  org.jboss.weld.Event - WELD-000411: Observer method [BackedAnnotatedMethod] org.glassfish.sse.impl.ServerSentEventCdiExtension.processAnnotatedType(@Observes ProcessAnnotatedType&lt;T&gt;, BeanManager) receives events for all annotated types. Consider restricting events using @WithAnnotations or a generic type with bounds.
06:24:57 [main] DEBUG org.jboss.weld.Bootstrap - WELD-000168: Extension bean deployed: Extension [class org.glassfish.sse.impl.ServerSentEventCdiExtension] with qualifiers [@Default]; jar:file:/C:/Program%20Files/glassfish5/glassfish/modules/web-sse.jar!/META-INF/services/javax.enterprise.inject.spi.Extension@1[org.glassfish.sse.impl.ServerSentEventCdiExtension@177b38b9]
06:24:57 [main] DEBUG org.jboss.weld.Bootstrap - WELD-000168: Extension bean deployed: Extension [class org.glassfish.cdi.transaction.TransactionScopedContextExtension] with qualifiers [@Default]; jar:file:/C:/Program%20Files/glassfish5/glassfish/modules/weld-integration.jar!/META-INF/services/javax.enterprise.inject.spi.Extension@2[org.glassfish.cdi.transaction.TransactionScopedContextExtension@7a65bdb]
06:24:57 [main] DEBUG org.jboss.weld.Bootstrap - WELD-000168: Extension bean deployed: Extension [class com.sun.faces.application.view.ViewScopeExtension] with qualifiers [@Default]; jar:file:/C:/Program%20Files/glassfish5/glassfish/modules/javax.faces.jar!/META-INF/services/javax.enterprise.inject.spi.Extension@1[com.sun.faces.application.view.ViewScopeExtension@44328a5e]
06:24:57 [main] DEBUG org.jboss.weld.Bootstrap - WELD-000168: Extension bean deployed: Extension [class com.sun.faces.cdi.CdiExtension] with qualifiers [@Default]; jar:file:/C:/Program%20Files/glassfish5/glassfish/modules/javax.faces.jar!/META-INF/services/javax.enterprise.inject.spi.Extension@4[com.sun.faces.cdi.CdiExtension@2c58a2ce]
06:24:57 [main] DEBUG org.jboss.weld.Bootstrap - WELD-000106: Bean: Extension [class org.glassfish.jms.injection.JMSCDIExtension] with qualifiers [@Default]; jar:file:/C:/Program%20Files/glassfish5/glassfish/modules/gf-jms-injection.jar!/META-INF/services/javax.enterprise.inject.spi.Extension@41[org.glassfish.jms.injection.JMSCDIExtension@69292ca6]
06:24:57 [main] INFO  org.jboss.weld.Event - WELD-000411: Observer method [BackedAnnotatedMethod] public org.glassfish.jms.injection.JMSCDIExtension.processAnnotatedType(@Observes ProcessAnnotatedType&lt;T&gt;) receives events for all annotated types. Consider restricting events using @WithAnnotations or a generic type with bounds.
06:24:57 [main] DEBUG org.jboss.weld.Bootstrap - WELD-000168: Extension bean deployed: Extension [class org.glassfish.jms.injection.JMSCDIExtension] with qualifiers [@Default]; jar:file:/C:/Program%20Files/glassfish5/glassfish/modules/gf-jms-injection.jar!/META-INF/services/javax.enterprise.inject.spi.Extension@41[org.glassfish.jms.injection.JMSCDIExtension@69292ca6]
06:24:57 [main] INFO  org.jboss.weld.Event - WELD-000411: Observer method [BackedAnnotatedMethod] org.glassfish.sse.impl.ServerSentEventCdiExtension.processAnnotatedType(@Observes ProcessAnnotatedType&lt;T&gt;, BeanManager) receives events for all annotated types. Consider restricting events using @WithAnnotations or a generic type with bounds.
06:24:57 [main] DEBUG org.jboss.weld.Bootstrap - WELD-000168: Extension bean deployed: Extension [class org.glassfish.sse.impl.ServerSentEventCdiExtension] with qualifiers [@Default]; jar:file:/C:/Program%20Files/glassfish5/glassfish/modules/web-sse.jar!/META-INF/services/javax.enterprise.inject.spi.Extension@1[org.glassfish.sse.impl.ServerSentEventCdiExtension@7081d87d]
06:24:57 [main] INFO  org.jboss.weld.Event - WELD-000411: Observer method [BackedAnnotatedMethod] public org.glassfish.jms.injection.JMSCDIExtension.processAnnotatedType(@Observes ProcessAnnotatedType&lt;T&gt;) receives events for all annotated types. Consider restricting events using @WithAnnotations or a generic type with bounds.
06:24:57 [main] DEBUG org.jboss.weld.Bootstrap - WELD-000168: Extension bean deployed: Extension [class org.glassfish.jms.injection.JMSCDIExtension] with qualifiers [@Default]; jar:file:/C:/Program%20Files/glassfish5/glassfish/modules/gf-jms-injection.jar!/META-INF/services/javax.enterprise.inject.spi.Extension@41[org.glassfish.jms.injection.JMSCDIExtension@3e9c1840]
06:24:57 [main] INFO  org.jboss.weld.Event - WELD-000411: Observer method [BackedAnnotatedMethod] private org.glassfish.jersey.ext.cdi1x.internal.CdiComponentProvider.processAnnotatedType(@Observes ProcessAnnotatedType) receives events for all annotated types. Consider restricting events using @WithAnnotations or a generic type with bounds.
06:24:57 [main] DEBUG org.jboss.weld.Bootstrap - WELD-000168: Extension bean deployed: Extension [class org.glassfish.jersey.ext.cdi1x.internal.CdiComponentProvider] with qualifiers [@Default]; jar:file:/C:/Program%20Files/glassfish5/glassfish/modules/jersey-cdi1x.jar!/META-INF/services/javax.enterprise.inject.spi.Extension@1[org.glassfish.jersey.ext.cdi1x.internal.CdiComponentProvider@4f58822a]
06:24:57 [main] DEBUG org.jboss.weld.Bootstrap - WELD-000106: Bean: Extension [class org.glassfish.soteria.cdi.CdiExtension] with qualifiers [@Default]; jar:file:/C:/Program%20Files/glassfish5/glassfish/modules/javax.security.enterprise.jar!/META-INF/services/javax.enterprise.inject.spi.Extension@1[org.glassfish.soteria.cdi.CdiExtension@3d8c8ca2]
06:24:57 [main] DEBUG org.jboss.weld.Bootstrap - WELD-000168: Extension bean deployed: Extension [class org.glassfish.soteria.cdi.CdiExtension] with qualifiers [@Default]; jar:file:/C:/Program%20Files/glassfish5/glassfish/modules/javax.security.enterprise.jar!/META-INF/services/javax.enterprise.inject.spi.Extension@1[org.glassfish.soteria.cdi.CdiExtension@3d8c8ca2]
06:24:57 [main] DEBUG org.jboss.weld.Bootstrap - WELD-000106: Bean: Extension [class org.jboss.weld.bootstrap.WeldExtension] with qualifiers [@Default]; n/a
06:24:57 [main] DEBUG org.jboss.weld.Bootstrap - WELD-000168: Extension bean deployed: Extension [class org.jboss.weld.bootstrap.WeldExtension] with qualifiers [@Default]; n/a
06:24:57 [main] DEBUG org.jboss.weld.Bootstrap - WELD-000168: Extension bean deployed: Extension [class com.sun.faces.flow.FlowCDIExtension] with qualifiers [@Default]; jar:file:/C:/Program%20Files/glassfish5/glassfish/modules/javax.faces.jar!/META-INF/services/javax.enterprise.inject.spi.Extension@2[com.sun.faces.flow.FlowCDIExtension@10d71079]
06:24:57 [main] DEBUG org.jboss.weld.Bootstrap - WELD-000168: Extension bean deployed: Extension [class org.glassfish.jersey.ext.cdi1x.transaction.internal.TransactionalExceptionInterceptorProvider] with qualifiers [@Default]; jar:file:/C:/Program%20Files/glassfish5/glassfish/modules/jersey-cdi1x-transaction.jar!/META-INF/services/javax.enterprise.inject.spi.Extension@1[org.glassfish.jersey.ext.cdi1x.transaction.internal.TransactionalExceptionInterceptorProvider@272271e0]
06:24:57 [main] DEBUG org.jboss.weld.Bootstrap - WELD-000168: Extension bean deployed: Extension [class org.glassfish.soteria.cdi.CdiExtension] with qualifiers [@Default]; jar:file:/C:/Program%20Files/glassfish5/glassfish/modules/javax.security.enterprise.jar!/META-INF/services/javax.enterprise.inject.spi.Extension@1[org.glassfish.soteria.cdi.CdiExtension@21ad2894]
06:24:57 [main] DEBUG org.jboss.weld.Bootstrap - WELD-000106: Bean: Built-in Bean [javax.enterprise.inject.spi.BeanManager] with qualifiers [@Default]
06:24:57 [main] DEBUG org.jboss.weld.Bootstrap - WELD-000106: Bean: Built-in Bean [org.jboss.weld.manager.BeanManagerImpl] with qualifiers [@Default]
06:24:57 [main] DEBUG org.jboss.weld.BootstrapTracker - START bootstrap &gt; startInitialization &gt; BeforeBeanDiscovery 
06:24:57 [main] WARN  org.jboss.weld.Bootstrap - WELD-000146: BeforeBeanDiscovery.addAnnotatedType(AnnotatedType&lt;?&gt;) used for class org.glassfish.jersey.ext.cdi1x.transaction.internal.WebAppExceptionHolder is deprecated from CDI 1.1!
06:24:57 [main] DEBUG org.jboss.weld.Bootstrap - WELD-000162: BeforeBeanDiscovery.addAnnotatedType() called by org.glassfish.jersey.ext.cdi1x.transaction.internal.TransactionalExceptionInterceptorProvider@4fa8b39c for [BackedAnnotatedType] public @RequestScoped @JerseyVetoed @WaeQualifier class org.glassfish.jersey.ext.cdi1x.transaction.internal.WebAppExceptionHolder
06:24:57 [main] WARN  org.jboss.weld.Bootstrap - WELD-000146: BeforeBeanDiscovery.addAnnotatedType(AnnotatedType&lt;?&gt;) used for class org.glassfish.jersey.ext.cdi1x.transaction.internal.WebAppExceptionInterceptor is deprecated from CDI 1.1!
06:24:57 [main] DEBUG org.jboss.weld.Bootstrap - WELD-000162: BeforeBeanDiscovery.addAnnotatedType() called by org.glassfish.jersey.ext.cdi1x.transaction.internal.TransactionalExceptionInterceptorProvider@4fa8b39c for [BackedAnnotatedType] public final @Priority @Interceptor @JerseyVetoed @Transactional class org.glassfish.jersey.ext.cdi1x.transaction.internal.WebAppExceptionInterceptor
06:24:57 [main] WARN  org.jboss.weld.Bootstrap - WELD-000146: BeforeBeanDiscovery.addAnnotatedType(AnnotatedType&lt;?&gt;) used for class org.glassfish.jersey.ext.cdi1x.transaction.internal.TransactionalExceptionMapper is deprecated from CDI 1.1!
06:24:57 [main] DEBUG org.jboss.weld.Bootstrap - WELD-000162: BeforeBeanDiscovery.addAnnotatedType() called by org.glassfish.jersey.ext.cdi1x.transaction.internal.TransactionalExceptionInterceptorProvider@4fa8b39c for [BackedAnnotatedType] public @ApplicationScoped @JerseyVetoed class org.glassfish.jersey.ext.cdi1x.transaction.internal.TransactionalExceptionMapper
06:24:57 [main] DEBUG org.jboss.weld.Bootstrap - WELD-000162: BeforeBeanDiscovery.addAnnotatedType() called by org.hibernate.validator.cdi.internal.ValidationExtension@8196ff1 for [BackedAnnotatedType] public @MethodValidated @Interceptor @Priority class org.hibernate.validator.cdi.internal.interceptor.ValidationInterceptor
06:24:57 [main] DEBUG org.jboss.weld.Bootstrap - WELD-000158: BeforeBeanDiscovery.addQualifier() called by org.glassfish.sse.impl.ServerSentEventCdiExtension@177b38b9 for interface org.glassfish.sse.api.ServerSentEventContext
06:24:57 [main] WARN  org.jboss.weld.Bootstrap - WELD-000146: BeforeBeanDiscovery.addAnnotatedType(AnnotatedType&lt;?&gt;) used for class org.glassfish.jersey.ext.cdi1x.servlet.internal.CdiExternalRequestScope is deprecated from CDI 1.1!
06:24:57 [main] DEBUG org.jboss.weld.Bootstrap - WELD-000162: BeforeBeanDiscovery.addAnnotatedType() called by org.glassfish.jersey.ext.cdi1x.servlet.internal.CdiExternalRequestScopeExtension@2df593ac for [BackedAnnotatedType] public @ApplicationScoped @JerseyVetoed class org.glassfish.jersey.ext.cdi1x.servlet.internal.CdiExternalRequestScope
06:24:57 [main] WARN  org.jboss.weld.Bootstrap - WELD-000146: BeforeBeanDiscovery.addAnnotatedType(AnnotatedType&lt;?&gt;) used for class org.glassfish.jersey.ext.cdi1x.internal.CdiComponentProvider$JaxRsParamProducer is deprecated from CDI 1.1!
06:24:57 [main] DEBUG org.jboss.weld.Bootstrap - WELD-000162: BeforeBeanDiscovery.addAnnotatedType() called by org.glassfish.jersey.ext.cdi1x.internal.CdiComponentProvider@6e16e6c3 for [BackedAnnotatedType] public static @ApplicationScoped class org.glassfish.jersey.ext.cdi1x.internal.CdiComponentProvider$JaxRsParamProducer
06:24:57 [main] DEBUG org.jboss.weld.Bootstrap - WELD-000159: BeforeBeanDiscovery.addScope() called by com.sun.faces.flow.FlowCDIExtension@14c84fd6 for interface javax.faces.flow.FlowScoped
06:24:57 [main] WARN  org.jboss.weld.Bootstrap - WELD-000146: BeforeBeanDiscovery.addAnnotatedType(AnnotatedType&lt;?&gt;) used for class com.ibm.jbatch.container.cdi.BatchProducerBean is deprecated from CDI 1.1!
06:24:57 [main] DEBUG org.jboss.weld.Bootstrap - WELD-000162: BeforeBeanDiscovery.addAnnotatedType() called by com.ibm.jbatch.container.cdi.BatchCDIInjectionExtension@42f41162 for [BackedAnnotatedType] public  class com.ibm.jbatch.container.cdi.BatchProducerBean
06:24:57 [main] WARN  org.jboss.weld.Bootstrap - WELD-000146: BeforeBeanDiscovery.addAnnotatedType(AnnotatedType&lt;?&gt;) used for class org.glassfish.cdi.transaction.TransactionalInterceptorMandatory is deprecated from CDI 1.1!
06:24:57 [main] DEBUG org.jboss.weld.Bootstrap - WELD-000162: BeforeBeanDiscovery.addAnnotatedType() called by org.glassfish.cdi.transaction.TransactionalExtension@6107fce9 for [BackedAnnotatedType] public @Priority @Interceptor @Transactional class org.glassfish.cdi.transaction.TransactionalInterceptorMandatory
06:24:57 [main] WARN  org.jboss.weld.Bootstrap - WELD-000146: BeforeBeanDiscovery.addAnnotatedType(AnnotatedType&lt;?&gt;) used for class org.glassfish.cdi.transaction.TransactionalInterceptorNever is deprecated from CDI 1.1!
06:24:57 [main] DEBUG org.jboss.weld.Bootstrap - WELD-000162: BeforeBeanDiscovery.addAnnotatedType() called by org.glassfish.cdi.transaction.TransactionalExtension@6107fce9 for [BackedAnnotatedType] public @Priority @Interceptor @Transactional class org.glassfish.cdi.transaction.TransactionalInterceptorNever
06:24:57 [main] WARN  org.jboss.weld.Bootstrap - WELD-000146: BeforeBeanDiscovery.addAnnotatedType(AnnotatedType&lt;?&gt;) used for class org.glassfish.cdi.transaction.TransactionalInterceptorNotSupported is deprecated from CDI 1.1!
06:24:57 [main] DEBUG org.jboss.weld.Bootstrap - WELD-000162: BeforeBeanDiscovery.addAnnotatedType() called by org.glassfish.cdi.transaction.TransactionalExtension@6107fce9 for [BackedAnnotatedType] public @Priority @Interceptor @Transactional class org.glassfish.cdi.transaction.TransactionalInterceptorNotSupported
06:24:57 [main] WARN  org.jboss.weld.Bootstrap - WELD-000146: BeforeBeanDiscovery.addAnnotatedType(AnnotatedType&lt;?&gt;) used for class org.glassfish.cdi.transaction.TransactionalInterceptorRequired is deprecated from CDI 1.1!
06:24:57 [main] DEBUG org.jboss.weld.Bootstrap - WELD-000162: BeforeBeanDiscovery.addAnnotatedType() called by org.glassfish.cdi.transaction.TransactionalExtension@6107fce9 for [BackedAnnotatedType] public @Priority @Interceptor @Transactional class org.glassfish.cdi.transaction.TransactionalInterceptorRequired
06:24:57 [main] WARN  org.jboss.weld.Bootstrap - WELD-000146: BeforeBeanDiscovery.addAnnotatedType(AnnotatedType&lt;?&gt;) used for class org.glassfish.cdi.transaction.TransactionalInterceptorRequiresNew is deprecated from CDI 1.1!
06:24:57 [main] DEBUG org.jboss.weld.Bootstrap - WELD-000162: BeforeBeanDiscovery.addAnnotatedType() called by org.glassfish.cdi.transaction.TransactionalExtension@6107fce9 for [BackedAnnotatedType] public @Priority @Interceptor @Transactional class org.glassfish.cdi.transaction.TransactionalInterceptorRequiresNew
06:24:57 [main] WARN  org.jboss.weld.Bootstrap - WELD-000146: BeforeBeanDiscovery.addAnnotatedType(AnnotatedType&lt;?&gt;) used for class org.glassfish.cdi.transaction.TransactionalInterceptorSupports is deprecated from CDI 1.1!
06:24:57 [main] DEBUG org.jboss.weld.Bootstrap - WELD-000162: BeforeBeanDiscovery.addAnnotatedType() called by org.glassfish.cdi.transaction.TransactionalExtension@6107fce9 for [BackedAnnotatedType] public @Priority @Interceptor @Transactional class org.glassfish.cdi.transaction.TransactionalInterceptorSupports
06:24:57 [main] DEBUG org.jboss.weld.Bootstrap - WELD-000162: BeforeBeanDiscovery.addAnnotatedType() called by com.sun.faces.cdi.CdiExtension@28791945 for [BackedAnnotatedType] public @ApplicationScoped class com.sun.faces.push.WebsocketUserManager
06:24:57 [main] DEBUG org.jboss.weld.Bootstrap - WELD-000162: BeforeBeanDiscovery.addAnnotatedType() called by com.sun.faces.cdi.CdiExtension@28791945 for [BackedAnnotatedType] public @ApplicationScoped class com.sun.faces.push.WebsocketSessionManager
06:24:57 [main] DEBUG org.jboss.weld.Bootstrap - WELD-000162: BeforeBeanDiscovery.addAnnotatedType() called by com.sun.faces.cdi.CdiExtension@28791945 for [BackedAnnotatedType] public @SessionScoped class com.sun.faces.push.WebsocketChannelManager
06:24:57 [main] DEBUG org.jboss.weld.Bootstrap - WELD-000162: BeforeBeanDiscovery.addAnnotatedType() called by com.sun.faces.cdi.CdiExtension@28791945 for [BackedAnnotatedType] public static @ViewScoped class com.sun.faces.push.WebsocketChannelManager$ViewScope
06:24:57 [main] DEBUG org.jboss.weld.Bootstrap - WELD-000162: BeforeBeanDiscovery.addAnnotatedType() called by com.sun.faces.cdi.CdiExtension@28791945 for [BackedAnnotatedType] public @Dependent class com.sun.faces.cdi.InjectionPointGenerator
06:24:57 [main] DEBUG org.jboss.weld.Bootstrap - WELD-000162: BeforeBeanDiscovery.addAnnotatedType() called by com.sun.faces.cdi.CdiExtension@28791945 for [BackedAnnotatedType] public @Dependent class com.sun.faces.cdi.WebsocketPushContextProducer
06:24:57 [main] DEBUG org.jboss.weld.Bootstrap - WELD-000159: BeforeBeanDiscovery.addScope() called by com.sun.faces.application.view.ViewScopeExtension@6411cb24 for interface javax.faces.view.ViewScoped
06:24:57 [main] DEBUG org.jboss.weld.Bootstrap - WELD-000162: BeforeBeanDiscovery.addAnnotatedType() called by org.jboss.weld.bootstrap.WeldExtension@2030d2a8 for [BackedAnnotatedType] public @Vetoed @Interceptor @ActivateRequestContext @Priority class org.jboss.weld.contexts.activator.ActivateRequestContextInterceptor
06:24:57 [main] DEBUG org.jboss.weld.Bootstrap - WELD-000162: BeforeBeanDiscovery.addAnnotatedType() called by org.jboss.weld.bootstrap.WeldExtension@2030d2a8 for [BackedAnnotatedType] public @Vetoed @Interceptor @ActivateRequestContext @Priority class org.jboss.weld.contexts.activator.CdiRequestContextActivatorInterceptor
06:24:57 [main] DEBUG org.jboss.weld.Bootstrap - WELD-000162: BeforeBeanDiscovery.addAnnotatedType() called by org.glassfish.soteria.cdi.CdiExtension@3d8c8ca2 for [BackedAnnotatedType] public @Interceptor @AutoApplySession @Priority class org.glassfish.soteria.cdi.AutoApplySessionInterceptor
06:24:57 [main] DEBUG org.jboss.weld.Bootstrap - WELD-000162: BeforeBeanDiscovery.addAnnotatedType() called by org.glassfish.soteria.cdi.CdiExtension@3d8c8ca2 for [BackedAnnotatedType] public @Interceptor @RememberMe @Priority class org.glassfish.soteria.cdi.RememberMeInterceptor
06:24:57 [main] DEBUG org.jboss.weld.Bootstrap - WELD-000162: BeforeBeanDiscovery.addAnnotatedType() called by org.glassfish.soteria.cdi.CdiExtension@3d8c8ca2 for [BackedAnnotatedType] public @Interceptor @LoginToContinue @Priority class org.glassfish.soteria.cdi.LoginToContinueInterceptor
06:24:57 [main] DEBUG org.jboss.weld.Bootstrap - WELD-000162: BeforeBeanDiscovery.addAnnotatedType() called by org.glassfish.soteria.cdi.CdiExtension@3d8c8ca2 for [BackedAnnotatedType] public @AutoApplySession @LoginToContinue @Typed class org.glassfish.soteria.mechanisms.FormAuthenticationMechanism
06:24:57 [main] DEBUG org.jboss.weld.Bootstrap - WELD-000162: BeforeBeanDiscovery.addAnnotatedType() called by org.glassfish.soteria.cdi.CdiExtension@3d8c8ca2 for [BackedAnnotatedType] public @AutoApplySession @LoginToContinue @Typed class org.glassfish.soteria.mechanisms.CustomFormAuthenticationMechanism
06:24:57 [main] DEBUG org.jboss.weld.Bootstrap - WELD-000162: BeforeBeanDiscovery.addAnnotatedType() called by org.glassfish.soteria.cdi.CdiExtension@3d8c8ca2 for [BackedAnnotatedType] public  class org.glassfish.soteria.SecurityContextImpl
06:24:57 [main] DEBUG org.jboss.weld.Bootstrap - WELD-000162: BeforeBeanDiscovery.addAnnotatedType() called by org.glassfish.soteria.cdi.CdiExtension@3d8c8ca2 for [BackedAnnotatedType] public abstract interface  class javax.security.enterprise.identitystore.IdentityStoreHandler
06:24:57 [main] DEBUG org.jboss.weld.Bootstrap - WELD-000162: BeforeBeanDiscovery.addAnnotatedType() called by org.glassfish.soteria.cdi.CdiExtension@3d8c8ca2 for [BackedAnnotatedType] public @Dependent class org.glassfish.soteria.identitystores.hash.Pbkdf2PasswordHashImpl
06:24:57 [main] WARN  org.jboss.weld.Bootstrap - WELD-000146: BeforeBeanDiscovery.addAnnotatedType(AnnotatedType&lt;?&gt;) used for class com.sun.faces.flow.FlowDiscoveryCDIHelper is deprecated from CDI 1.1!
06:24:57 [main] DEBUG org.jboss.weld.Bootstrap - WELD-000162: BeforeBeanDiscovery.addAnnotatedType() called by com.sun.faces.flow.FlowDiscoveryCDIExtension@6fa9cf83 for [BackedAnnotatedType] public @Named @Dependent class com.sun.faces.flow.FlowDiscoveryCDIHelper
06:24:57 [main] DEBUG org.jboss.weld.BootstrapTracker -   END bootstrap &gt; startInitialization &gt; BeforeBeanDiscovery (288 ms)
06:24:57 [main] DEBUG org.jboss.weld.BootstrapTracker - START bootstrap &gt; startInitialization &gt; AfterTypeDiscovery 
06:24:57 [main] DEBUG org.jboss.weld.Bootstrap - WELD-000166: AfterTypeDiscovery.getInterceptors() modified by org.glassfish.jersey.ext.cdi1x.transaction.internal.TransactionalExceptionInterceptorProvider@4fa8b39c adds class org.glassfish.jersey.ext.cdi1x.transaction.internal.WebAppExceptionInterceptor
06:24:57 [main] DEBUG org.jboss.weld.BootstrapTracker -   END bootstrap &gt; startInitialization &gt; AfterTypeDiscovery (7 ms)
06:24:57 [main] DEBUG org.jboss.weld.Bootstrap - WELD-000103: Enabled alternatives for Weld BeanManager for root_classes [bean count=2]: (empty collection)
06:24:57 [main] DEBUG org.jboss.weld.Bootstrap - WELD-000104: Enabled decorator types for Weld BeanManager for root_classes [bean count=2]: (empty collection)
06:24:57 [main] DEBUG org.jboss.weld.Bootstrap - WELD-000105: Enabled interceptor types for Weld BeanManager for root_classes [bean count=2]: 
  - class org.jboss.weld.contexts.activator.ActivateRequestContextInterceptor,
  - class org.jboss.weld.contexts.activator.CdiRequestContextActivatorInterceptor,
  - class org.glassfish.jersey.ext.cdi1x.transaction.internal.WebAppExceptionInterceptor,
  - class org.glassfish.cdi.transaction.TransactionalInterceptorMandatory,
  - class org.glassfish.cdi.transaction.TransactionalInterceptorNever,
  - class org.glassfish.cdi.transaction.TransactionalInterceptorNotSupported,
  - class org.glassfish.cdi.transaction.TransactionalInterceptorRequired,
  - class org.glassfish.cdi.transaction.TransactionalInterceptorRequiresNew,
  - class org.glassfish.cdi.transaction.TransactionalInterceptorSupports,
  - class org.glassfish.soteria.cdi.AutoApplySessionInterceptor,
  - class org.glassfish.soteria.cdi.RememberMeInterceptor,
  - class org.glassfish.soteria.cdi.LoginToContinueInterceptor,
  - class org.hibernate.validator.cdi.internal.interceptor.ValidationInterceptor,
  - class org.glassfish.jersey.ext.cdi1x.transaction.internal.WebAppExceptionInterceptor
06:24:57 [main] DEBUG org.jboss.weld.Bootstrap - WELD-000103: Enabled alternatives for Weld BeanManager for org.glassfish.jersey.ext.cdi1x.transaction.internal.TransactionalExceptionInterceptorProvider [bean count=17]: (empty collection)
06:24:57 [main] DEBUG org.jboss.weld.Bootstrap - WELD-000104: Enabled decorator types for Weld BeanManager for org.glassfish.jersey.ext.cdi1x.transaction.internal.TransactionalExceptionInterceptorProvider [bean count=17]: (empty collection)
06:24:57 [main] DEBUG org.jboss.weld.Bootstrap - WELD-000105: Enabled interceptor types for Weld BeanManager for org.glassfish.jersey.ext.cdi1x.transaction.internal.TransactionalExceptionInterceptorProvider [bean count=17]: 
  - class org.jboss.weld.contexts.activator.ActivateRequestContextInterceptor,
  - class org.jboss.weld.contexts.activator.CdiRequestContextActivatorInterceptor,
  - class org.glassfish.jersey.ext.cdi1x.transaction.internal.WebAppExceptionInterceptor,
  - class org.glassfish.cdi.transaction.TransactionalInterceptorMandatory,
  - class org.glassfish.cdi.transaction.TransactionalInterceptorNever,
  - class org.glassfish.cdi.transaction.TransactionalInterceptorNotSupported,
  - class org.glassfish.cdi.transaction.TransactionalInterceptorRequired,
  - class org.glassfish.cdi.transaction.TransactionalInterceptorRequiresNew,
  - class org.glassfish.cdi.transaction.TransactionalInterceptorSupports,
  - class org.glassfish.soteria.cdi.AutoApplySessionInterceptor,
  - class org.glassfish.soteria.cdi.RememberMeInterceptor,
  - class org.glassfish.soteria.cdi.LoginToContinueInterceptor,
  - class org.hibernate.validator.cdi.internal.interceptor.ValidationInterceptor,
  - class org.glassfish.jersey.ext.cdi1x.transaction.internal.WebAppExceptionInterceptor
06:24:57 [main] DEBUG org.jboss.weld.Bootstrap - WELD-000103: Enabled alternatives for Weld BeanManager for classes [bean count=2]: (empty collection)
06:24:57 [main] DEBUG org.jboss.weld.Bootstrap - WELD-000104: Enabled decorator types for Weld BeanManager for classes [bean count=2]: (empty collection)
06:24:57 [main] DEBUG org.jboss.weld.Bootstrap - WELD-000105: Enabled interceptor types for Weld BeanManager for classes [bean count=2]: 
  - class org.jboss.weld.contexts.activator.ActivateRequestContextInterceptor,
  - class org.jboss.weld.contexts.activator.CdiRequestContextActivatorInterceptor,
  - class org.glassfish.jersey.ext.cdi1x.transaction.internal.WebAppExceptionInterceptor,
  - class org.glassfish.cdi.transaction.TransactionalInterceptorMandatory,
  - class org.glassfish.cdi.transaction.TransactionalInterceptorNever,
  - class org.glassfish.cdi.transaction.TransactionalInterceptorNotSupported,
  - class org.glassfish.cdi.transaction.TransactionalInterceptorRequired,
  - class org.glassfish.cdi.transaction.TransactionalInterceptorRequiresNew,
  - class org.glassfish.cdi.transaction.TransactionalInterceptorSupports,
  - class org.glassfish.soteria.cdi.AutoApplySessionInterceptor,
  - class org.glassfish.soteria.cdi.RememberMeInterceptor,
  - class org.glassfish.soteria.cdi.LoginToContinueInterceptor,
  - class org.hibernate.validator.cdi.internal.interceptor.ValidationInterceptor,
  - class org.glassfish.jersey.ext.cdi1x.transaction.internal.WebAppExceptionInterceptor
06:24:57 [main] DEBUG org.jboss.weld.BootstrapTracker -   END bootstrap &gt; startInitialization (622 ms)
06:24:57 [main] DEBUG org.jboss.weld.BootstrapTracker - START bootstrap &gt; deployBeans 
06:24:57 [main] DEBUG org.jboss.weld.Reflection - WELD-000620: interface javax.faces.push.Push is not declared @Target(METHOD, FIELD, PARAMETER, TYPE). Weld will use this annotation, however this may make the application unportable.
06:24:57 [main] DEBUG org.jboss.weld.Reflection - WELD-000620: interface javax.batch.api.BatchProperty is not declared @Target(METHOD, FIELD, PARAMETER, TYPE). Weld will use this annotation, however this may make the application unportable.
06:24:58 [main] DEBUG org.jboss.weld.Bootstrap - WELD-000107: Interceptor: Interceptor [class org.glassfish.soteria.cdi.AutoApplySessionInterceptor intercepts @AutoApplySession]
06:24:58 [main] DEBUG org.jboss.weld.Bootstrap - WELD-000107: Interceptor: Interceptor [class org.glassfish.jersey.ext.cdi1x.transaction.internal.WebAppExceptionInterceptor intercepts @Transactional]
06:24:58 [main] DEBUG org.jboss.weld.Bootstrap - WELD-000107: Interceptor: Interceptor [class org.glassfish.cdi.transaction.TransactionalInterceptorRequired intercepts @Transactional]
06:24:58 [main] DEBUG org.jboss.weld.Bootstrap - WELD-000107: Interceptor: Interceptor [class org.jboss.weld.contexts.activator.ActivateRequestContextInterceptor intercepts @ActivateRequestContext]
06:24:58 [main] DEBUG org.jboss.weld.Bootstrap - WELD-000107: Interceptor: Interceptor [class org.glassfish.cdi.transaction.TransactionalInterceptorMandatory intercepts @Transactional]
06:24:58 [main] DEBUG org.jboss.weld.Bootstrap - WELD-000107: Interceptor: Interceptor [class org.glassfish.cdi.transaction.TransactionalInterceptorSupports intercepts @Transactional]
06:24:58 [main] DEBUG org.jboss.weld.Bootstrap - WELD-000107: Interceptor: Interceptor [class org.jboss.weld.contexts.activator.CdiRequestContextActivatorInterceptor intercepts @ActivateRequestContext]
06:24:58 [main] DEBUG org.jboss.weld.Bootstrap - WELD-000107: Interceptor: Interceptor [class org.glassfish.soteria.cdi.LoginToContinueInterceptor intercepts @LoginToContinue]
06:24:58 [main] DEBUG org.jboss.weld.Bootstrap - WELD-000107: Interceptor: Interceptor [class org.glassfish.cdi.transaction.TransactionalInterceptorNever intercepts @Transactional]
06:24:58 [main] DEBUG org.jboss.weld.Bootstrap - WELD-000107: Interceptor: Interceptor [class org.glassfish.cdi.transaction.TransactionalInterceptorNotSupported intercepts @Transactional]
06:24:58 [main] DEBUG org.jboss.weld.Bootstrap - WELD-000107: Interceptor: Interceptor [class org.hibernate.validator.cdi.internal.interceptor.ValidationInterceptor intercepts @MethodValidated]
06:24:58 [main] DEBUG org.jboss.weld.Bootstrap - WELD-000107: Interceptor: Interceptor [class org.glassfish.cdi.transaction.TransactionalInterceptorRequiresNew intercepts @Transactional]
06:24:58 [main] DEBUG org.jboss.weld.Bootstrap - WELD-000107: Interceptor: Interceptor [class org.glassfish.soteria.cdi.RememberMeInterceptor intercepts @RememberMe]
06:24:58 [main] DEBUG org.jboss.weld.Bootstrap - WELD-000106: Bean: Built-in Bean [javax.transaction.UserTransaction] with qualifiers [@Default]
06:24:58 [main] DEBUG org.jboss.weld.Bootstrap - WELD-000106: Bean: WELD%AbstractBuiltInBean%root_classes%HttpServletRequest
06:24:58 [main] DEBUG org.jboss.weld.Bootstrap - WELD-000106: Bean: Implicit Bean [javax.enterprise.inject.spi.Interceptor] with qualifiers [@Default]
06:24:58 [main] DEBUG org.jboss.weld.Bootstrap - WELD-000106: Bean: WELD%AbstractBuiltInBean%root_classes%HttpSession
06:24:58 [main] DEBUG org.jboss.weld.Bootstrap - WELD-000106: Bean: WELD%AbstractBuiltInBean%root_classes%ApplicationContext
06:24:58 [main] DEBUG org.jboss.weld.Bootstrap - WELD-000106: Bean: WELD%AbstractBuiltInBean%root_classes%BoundConversationContext
06:24:58 [main] DEBUG org.jboss.weld.Bootstrap - WELD-000106: Bean: Implicit Bean [javax.enterprise.inject.spi.EventMetadata] with qualifiers [@Default]
06:24:58 [main] DEBUG org.jboss.weld.Bootstrap - WELD-000106: Bean: Implicit Bean [javax.enterprise.inject.Instance] with qualifiers [@Default]
06:24:58 [main] DEBUG org.jboss.weld.Bootstrap - WELD-000106: Bean: WELD%AbstractBuiltInBean%root_classes%EjbRequestContext
06:24:58 [main] DEBUG org.jboss.weld.Bootstrap - WELD-000106: Bean: WELD%AbstractBuiltInBean%root_classes%HttpSessionContext
06:24:58 [main] DEBUG org.jboss.weld.Bootstrap - WELD-000106: Bean: WELD%AbstractBuiltInBean%root_classes%Conversation
06:24:58 [main] DEBUG org.jboss.weld.Bootstrap - WELD-000106: Bean: WELD%AbstractBuiltInBean%root_classes%BoundSessionContext
06:24:58 [main] DEBUG org.jboss.weld.Bootstrap - WELD-000106: Bean: WELD%AbstractBuiltInBean%root_classes%RequestContext
06:24:58 [main] DEBUG org.jboss.weld.Bootstrap - WELD-000106: Bean: Implicit Bean [javax.enterprise.inject.spi.Bean] with qualifiers [@Decorated]
06:24:58 [main] DEBUG org.jboss.weld.Bootstrap - WELD-000106: Bean: Implicit Bean [javax.enterprise.event.Event] with qualifiers [@Default]
06:24:58 [main] DEBUG org.jboss.weld.Bootstrap - WELD-000106: Bean: Implicit Bean [javax.enterprise.inject.spi.InterceptionFactory] with qualifiers [@Default]
06:24:58 [main] DEBUG org.jboss.weld.Bootstrap - WELD-000106: Bean: Built-in Bean [java.security.Principal] with qualifiers [@Default]
06:24:58 [main] DEBUG org.jboss.weld.Bootstrap - WELD-000106: Bean: Implicit Bean [javax.enterprise.inject.spi.InjectionPoint] with qualifiers [@Default]
06:24:58 [main] DEBUG org.jboss.weld.Bootstrap - WELD-000106: Bean: WELD%AbstractBuiltInBean%root_classes%HttpConversationContext
06:24:58 [main] DEBUG org.jboss.weld.Bootstrap - WELD-000106: Bean: WELD%AbstractBuiltInBean%root_classes%SingletonContext
06:24:58 [main] DEBUG org.jboss.weld.Bootstrap - WELD-000106: Bean: WELD%AbstractBuiltInBean%root_classes%ServletContext
06:24:58 [main] DEBUG org.jboss.weld.Bootstrap - WELD-000106: Bean: Implicit Bean [javax.enterprise.inject.spi.Bean] with qualifiers [@Intercepted]
06:24:58 [main] DEBUG org.jboss.weld.Bootstrap - WELD-000106: Bean: WELD%AbstractBuiltInBean%root_classes%DependentContext
06:24:58 [main] DEBUG org.jboss.weld.Bootstrap - WELD-000106: Bean: Implicit Bean [javax.enterprise.inject.spi.Decorator] with qualifiers [@Default]
06:24:58 [main] DEBUG org.jboss.weld.Bootstrap - WELD-000106: Bean: WELD%AbstractBuiltInBean%root_classes%RequestContextController
06:24:58 [main] DEBUG org.jboss.weld.Bootstrap - WELD-000106: Bean: WELD%AbstractBuiltInBean%root_classes%HttpRequestContext
06:24:58 [main] DEBUG org.jboss.weld.Bootstrap - WELD-000106: Bean: WELD%AbstractBuiltInBean%root_classes%HttpSessionDestructionContext
06:24:58 [main] DEBUG org.jboss.weld.Bootstrap - WELD-000106: Bean: Implicit Bean [javax.enterprise.inject.spi.Bean] with qualifiers [@Default]
06:24:58 [main] DEBUG org.jboss.weld.Bootstrap - WELD-000106: Bean: WELD%AbstractBuiltInBean%root_classes%BoundRequestContext
06:24:58 [main] DEBUG org.jboss.weld.Bootstrap - WELD-000151: ProcessInjectionTarget.setInjectionTarget() called by org.glassfish.jersey.ext.cdi1x.internal.CdiComponentProvider@6e16e6c3: InjectionTarget for Managed Bean [class org.glassfish.jersey.ext.cdi1x.transaction.internal.TransactionalExceptionMapper] with qualifiers [@Any @Default] replaced by org.glassfish.jersey.ext.cdi1x.internal.CdiComponentProvider$6@81eba6b
06:24:58 [main] DEBUG org.jboss.weld.Bootstrap - WELD-000151: ProcessInjectionTarget.setInjectionTarget() called by org.glassfish.jersey.ext.cdi1x.internal.CdiComponentProvider@6e16e6c3: InjectionTarget for Managed Bean [class org.glassfish.jersey.ext.cdi1x.internal.CdiComponentProvider$JaxRsParamProducer] with qualifiers [@Any @Default] replaced by org.glassfish.jersey.ext.cdi1x.internal.CdiComponentProvider$5@df8a698
06:24:58 [main] DEBUG org.jboss.weld.Bootstrap - WELD-000106: Bean: Managed Bean [class org.glassfish.soteria.mechanisms.FormAuthenticationMechanism] with qualifiers [@Any @Default]
06:24:58 [main] DEBUG org.jboss.weld.Bootstrap - WELD-000106: Bean: WELD%AbstractBuiltInBean%org.glassfish.jersey.ext.cdi1x.transaction.internal.TransactionalExceptionInterceptorProvider%BoundRequestContext
06:24:58 [main] DEBUG org.jboss.weld.Bootstrap - WELD-000106: Bean: Managed Bean [class com.sun.faces.cdi.WebsocketPushContextProducer] with qualifiers [@Any @Default]
06:24:58 [main] DEBUG org.jboss.weld.Bootstrap - WELD-000106: Bean: Implicit Bean [javax.enterprise.inject.spi.InterceptionFactory] with qualifiers [@Default]
06:24:58 [main] DEBUG org.jboss.weld.Bootstrap - WELD-000106: Bean: WELD%AbstractBuiltInBean%org.glassfish.jersey.ext.cdi1x.transaction.internal.TransactionalExceptionInterceptorProvider%HttpSessionContext
06:24:58 [main] DEBUG org.jboss.weld.Bootstrap - WELD-000106: Bean: Implicit Bean [javax.enterprise.inject.Instance] with qualifiers [@Default]
06:24:58 [main] DEBUG org.jboss.weld.Bootstrap - WELD-000106: Bean: WELD%AbstractBuiltInBean%org.glassfish.jersey.ext.cdi1x.transaction.internal.TransactionalExceptionInterceptorProvider%Conversation
06:24:58 [main] DEBUG org.jboss.weld.Bootstrap - WELD-000106: Bean: WELD%AbstractBuiltInBean%org.glassfish.jersey.ext.cdi1x.transaction.internal.TransactionalExceptionInterceptorProvider%ServletContext
06:24:58 [main] DEBUG org.jboss.weld.Bootstrap - WELD-000106: Bean: Managed Bean [class org.glassfish.jersey.ext.cdi1x.transaction.internal.TransactionalExceptionMapper] with qualifiers [@Any @Default]
06:24:58 [main] DEBUG org.jboss.weld.Bootstrap - WELD-000106: Bean: Implicit Bean [javax.enterprise.inject.spi.Bean] with qualifiers [@Decorated]
06:24:58 [main] DEBUG org.jboss.weld.Bootstrap - WELD-000106: Bean: Managed Bean [class org.glassfish.soteria.identitystores.hash.Pbkdf2PasswordHashImpl] with qualifiers [@Any @Default]
06:24:58 [main] DEBUG org.jboss.weld.Bootstrap - WELD-000106: Bean: Managed Bean [class org.glassfish.soteria.SecurityContextImpl] with qualifiers [@Any @Default]
06:24:58 [main] DEBUG org.jboss.weld.Bootstrap - WELD-000106: Bean: Managed Bean [class org.glassfish.jersey.ext.cdi1x.servlet.internal.CdiExternalRequestScope] with qualifiers [@Any @Default]
06:24:58 [main] DEBUG org.jboss.weld.Bootstrap - WELD-000106: Bean: WELD%AbstractBuiltInBean%org.glassfish.jersey.ext.cdi1x.transaction.internal.TransactionalExceptionInterceptorProvider%EjbRequestContext
06:24:58 [main] DEBUG org.jboss.weld.Bootstrap - WELD-000106: Bean: Producer Method [FlowBuilder] with qualifiers [@FlowBuilderParameter @Any] declared as [[UnbackedAnnotatedMethod] @Produces @FlowBuilderParameter com.sun.faces.flow.FlowDiscoveryCDIHelper.createFlowBuilder()]
06:24:58 [main] DEBUG org.jboss.weld.Bootstrap - WELD-000106: Bean: WELD%AbstractBuiltInBean%org.glassfish.jersey.ext.cdi1x.transaction.internal.TransactionalExceptionInterceptorProvider%BoundConversationContext
06:24:58 [main] DEBUG org.jboss.weld.Bootstrap - WELD-000106: Bean: Producer Method [PushContext] with qualifiers [@Any @Push] declared as [[UnbackedAnnotatedMethod] @Produces @Push public com.sun.faces.cdi.WebsocketPushContextProducer.produce(InjectionPoint)]
06:24:58 [main] DEBUG org.jboss.weld.Bootstrap - WELD-000106: Bean: Implicit Bean [javax.enterprise.inject.spi.EventMetadata] with qualifiers [@Default]
06:24:58 [main] DEBUG org.jboss.weld.Bootstrap - WELD-000106: Bean: Implicit Bean [javax.enterprise.inject.spi.InjectionPoint] with qualifiers [@Default]
06:24:58 [main] DEBUG org.jboss.weld.Bootstrap - WELD-000106: Bean: Implicit Bean [javax.enterprise.event.Event] with qualifiers [@Default]
06:24:58 [main] DEBUG org.jboss.weld.Bootstrap - WELD-000106: Bean: Managed Bean [class org.glassfish.soteria.mechanisms.CustomFormAuthenticationMechanism] with qualifiers [@Any @Default]
06:24:58 [main] DEBUG org.jboss.weld.Bootstrap - WELD-000106: Bean: Managed Bean [class com.sun.faces.push.WebsocketChannelManager$ViewScope] with qualifiers [@Any @Default]
06:24:58 [main] DEBUG org.jboss.weld.Bootstrap - WELD-000106: Bean: WELD%AbstractBuiltInBean%org.glassfish.jersey.ext.cdi1x.transaction.internal.TransactionalExceptionInterceptorProvider%ApplicationContext
06:24:58 [main] DEBUG org.jboss.weld.Bootstrap - WELD-000106: Bean: Managed Bean [class org.glassfish.jersey.ext.cdi1x.transaction.internal.WebAppExceptionHolder] with qualifiers [@WaeQualifier @Any]
06:24:58 [main] DEBUG org.jboss.weld.Bootstrap - WELD-000106: Bean: Managed Bean [class org.glassfish.jersey.ext.cdi1x.internal.CdiComponentProvider$JaxRsParamProducer] with qualifiers [@Any @Default]
06:24:58 [main] DEBUG org.jboss.weld.Bootstrap - WELD-000106: Bean: Producer Method [String] with qualifiers [@JaxRsParamQualifier @Any] declared as [[UnbackedAnnotatedMethod] @Produces @JaxRsParamQualifier public org.glassfish.jersey.ext.cdi1x.internal.CdiComponentProvider$JaxRsParamProducer.getParameterValue(InjectionPoint, BeanManager)]
06:24:58 [main] DEBUG org.jboss.weld.Bootstrap - WELD-000106: Bean: Implicit Bean [javax.enterprise.inject.spi.Interceptor] with qualifiers [@Default]
06:24:58 [main] DEBUG org.jboss.weld.Bootstrap - WELD-000106: Bean: WELD%AbstractBuiltInBean%org.glassfish.jersey.ext.cdi1x.transaction.internal.TransactionalExceptionInterceptorProvider%RequestContext
06:24:58 [main] DEBUG org.jboss.weld.Bootstrap - WELD-000106: Bean: WELD%AbstractBuiltInBean%org.glassfish.jersey.ext.cdi1x.transaction.internal.TransactionalExceptionInterceptorProvider%HttpServletRequest
06:24:58 [main] DEBUG org.jboss.weld.Bootstrap - WELD-000106: Bean: Managed Bean [class com.ibm.jbatch.container.cdi.BatchProducerBean] with qualifiers [@Any @Default]
06:24:58 [main] DEBUG org.jboss.weld.Bootstrap - WELD-000106: Bean: WELD%AbstractBuiltInBean%org.glassfish.jersey.ext.cdi1x.transaction.internal.TransactionalExceptionInterceptorProvider%HttpSession
06:24:58 [main] DEBUG org.jboss.weld.Bootstrap - WELD-000106: Bean: Managed Bean [class com.sun.faces.push.WebsocketSessionManager] with qualifiers [@Any @Default]
06:24:58 [main] DEBUG org.jboss.weld.Bootstrap - WELD-000106: Bean: WELD%AbstractBuiltInBean%org.glassfish.jersey.ext.cdi1x.transaction.internal.TransactionalExceptionInterceptorProvider%SingletonContext
06:24:58 [main] DEBUG org.jboss.weld.Bootstrap - WELD-000106: Bean: WELD%AbstractBuiltInBean%org.glassfish.jersey.ext.cdi1x.transaction.internal.TransactionalExceptionInterceptorProvider%HttpConversationContext
06:24:58 [main] DEBUG org.jboss.weld.Bootstrap - WELD-000106: Bean: Managed Bean [class com.sun.faces.push.WebsocketUserManager] with qualifiers [@Any @Default]
06:24:58 [main] DEBUG org.jboss.weld.Bootstrap - WELD-000106: Bean: Managed Bean [class com.sun.faces.flow.FlowDiscoveryCDIHelper] with qualifiers [@Default @Any @Named]
06:24:58 [main] DEBUG org.jboss.weld.Bootstrap - WELD-000106: Bean: Producer Method [JobContext] with qualifiers [@Any @Default] declared as [[UnbackedAnnotatedMethod] @Produces @Dependent public com.ibm.jbatch.container.cdi.BatchProducerBean.getJobContext()]
06:24:58 [main] DEBUG org.jboss.weld.Bootstrap - WELD-000106: Bean: WELD%AbstractBuiltInBean%org.glassfish.jersey.ext.cdi1x.transaction.internal.TransactionalExceptionInterceptorProvider%DependentContext
06:24:58 [main] DEBUG org.jboss.weld.Bootstrap - WELD-000106: Bean: Producer Method [StepContext] with qualifiers [@Any @Default] declared as [[UnbackedAnnotatedMethod] @Produces @Dependent public com.ibm.jbatch.container.cdi.BatchProducerBean.getStepContext()]
06:24:58 [main] DEBUG org.jboss.weld.Bootstrap - WELD-000106: Bean: Producer Method [String] with qualifiers [@BatchProperty @Any] declared as [[UnbackedAnnotatedMethod] @Produces @Dependent @BatchProperty public com.ibm.jbatch.container.cdi.BatchProducerBean.produceProperty(InjectionPoint)]
06:24:58 [main] DEBUG org.jboss.weld.Bootstrap - WELD-000106: Bean: Managed Bean [class com.sun.faces.cdi.InjectionPointGenerator] with qualifiers [@Any @Default]
06:24:58 [main] DEBUG org.jboss.weld.Bootstrap - WELD-000106: Bean: Implicit Bean [javax.enterprise.inject.spi.Decorator] with qualifiers [@Default]
06:24:58 [main] DEBUG org.jboss.weld.Bootstrap - WELD-000106: Bean: WELD%AbstractBuiltInBean%org.glassfish.jersey.ext.cdi1x.transaction.internal.TransactionalExceptionInterceptorProvider%HttpRequestContext
06:24:58 [main] DEBUG org.jboss.weld.Bootstrap - WELD-000106: Bean: WELD%AbstractBuiltInBean%org.glassfish.jersey.ext.cdi1x.transaction.internal.TransactionalExceptionInterceptorProvider%BoundSessionContext
06:24:58 [main] DEBUG org.jboss.weld.Bootstrap - WELD-000106: Bean: WELD%AbstractBuiltInBean%org.glassfish.jersey.ext.cdi1x.transaction.internal.TransactionalExceptionInterceptorProvider%RequestContextController
06:24:58 [main] DEBUG org.jboss.weld.Bootstrap - WELD-000106: Bean: Implicit Bean [javax.enterprise.inject.spi.Bean] with qualifiers [@Intercepted]
06:24:58 [main] DEBUG org.jboss.weld.Bootstrap - WELD-000106: Bean: WELD%AbstractBuiltInBean%org.glassfish.jersey.ext.cdi1x.transaction.internal.TransactionalExceptionInterceptorProvider%HttpSessionDestructionContext
06:24:58 [main] DEBUG org.jboss.weld.Bootstrap - WELD-000106: Bean: Built-in Bean [javax.transaction.UserTransaction] with qualifiers [@Default]
06:24:58 [main] DEBUG org.jboss.weld.Bootstrap - WELD-000106: Bean: Built-in Bean [java.security.Principal] with qualifiers [@Default]
06:24:58 [main] DEBUG org.jboss.weld.Bootstrap - WELD-000106: Bean: Managed Bean [class com.sun.faces.push.WebsocketChannelManager] with qualifiers [@Any @Default]
06:24:58 [main] DEBUG org.jboss.weld.Bootstrap - WELD-000106: Bean: Implicit Bean [javax.enterprise.inject.spi.Bean] with qualifiers [@Default]
06:24:58 [main] DEBUG org.jboss.weld.Bootstrap - WELD-000106: Bean: Session bean [class ar.com.dss.sga.service.UserServiceImpl with qualifiers [@Any @Default]; local interfaces are [UserService]
06:24:58 [main] DEBUG org.jboss.weld.Bootstrap - WELD-000106: Bean: WELD%AbstractBuiltInBean%classes%SingletonContext
06:24:58 [main] DEBUG org.jboss.weld.Bootstrap - WELD-000106: Bean: WELD%AbstractBuiltInBean%classes%RequestContextController
06:24:58 [main] DEBUG org.jboss.weld.Bootstrap - WELD-000106: Bean: Implicit Bean [javax.enterprise.inject.spi.InterceptionFactory] with qualifiers [@Default]
06:24:58 [main] DEBUG org.jboss.weld.Bootstrap - WELD-000106: Bean: WELD%AbstractBuiltInBean%classes%HttpSession
06:24:58 [main] DEBUG org.jboss.weld.Bootstrap - WELD-000106: Bean: Implicit Bean [javax.enterprise.inject.spi.Bean] with qualifiers [@Default]
06:24:58 [main] DEBUG org.jboss.weld.Bootstrap - WELD-000106: Bean: WELD%AbstractBuiltInBean%classes%BoundRequestContext
06:24:58 [main] DEBUG org.jboss.weld.Bootstrap - WELD-000106: Bean: Implicit Bean [javax.enterprise.inject.spi.EventMetadata] with qualifiers [@Default]
06:24:58 [main] DEBUG org.jboss.weld.Bootstrap - WELD-000106: Bean: WELD%AbstractBuiltInBean%classes%BoundConversationContext
06:24:58 [main] DEBUG org.jboss.weld.Bootstrap - WELD-000106: Bean: Implicit Bean [javax.enterprise.inject.spi.Interceptor] with qualifiers [@Default]
06:24:58 [main] DEBUG org.jboss.weld.Bootstrap - WELD-000106: Bean: WELD%AbstractBuiltInBean%classes%HttpSessionDestructionContext
06:24:58 [main] DEBUG org.jboss.weld.Bootstrap - WELD-000106: Bean: WELD%AbstractBuiltInBean%classes%HttpRequestContext
06:24:58 [main] DEBUG org.jboss.weld.Bootstrap - WELD-000106: Bean: Session bean [class ar.com.dss.sga.dao.UserDaoImpl with qualifiers [@Any @Default]; local interfaces are [UserDao]
06:24:58 [main] DEBUG org.jboss.weld.Bootstrap - WELD-000106: Bean: WELD%AbstractBuiltInBean%classes%HttpServletRequest
06:24:58 [main] DEBUG org.jboss.weld.Bootstrap - WELD-000106: Bean: WELD%AbstractBuiltInBean%classes%EjbRequestContext
06:24:58 [main] DEBUG org.jboss.weld.Bootstrap - WELD-000106: Bean: Built-in Bean [javax.transaction.UserTransaction] with qualifiers [@Default]
06:24:58 [main] DEBUG org.jboss.weld.Bootstrap - WELD-000106: Bean: Implicit Bean [javax.enterprise.inject.spi.Decorator] with qualifiers [@Default]
06:24:58 [main] DEBUG org.jboss.weld.Bootstrap - WELD-000106: Bean: Session bean [class ar.com.dss.sga.dao.PersonDaoImpl with qualifiers [@Any @Default]; local interfaces are [PersonDao]
06:24:58 [main] DEBUG org.jboss.weld.Bootstrap - WELD-000106: Bean: WELD%AbstractBuiltInBean%classes%HttpConversationContext
06:24:58 [main] DEBUG org.jboss.weld.Bootstrap - WELD-000106: Bean: Implicit Bean [javax.enterprise.inject.spi.Bean] with qualifiers [@Intercepted]
06:24:58 [main] DEBUG org.jboss.weld.Bootstrap - WELD-000106: Bean: Implicit Bean [javax.enterprise.inject.Instance] with qualifiers [@Default]
06:24:58 [main] DEBUG org.jboss.weld.Bootstrap - WELD-000106: Bean: WELD%AbstractBuiltInBean%classes%BoundSessionContext
06:24:58 [main] DEBUG org.jboss.weld.Bootstrap - WELD-000106: Bean: WELD%AbstractBuiltInBean%classes%HttpSessionContext
06:24:58 [main] DEBUG org.jboss.weld.Bootstrap - WELD-000106: Bean: Implicit Bean [javax.enterprise.inject.spi.Bean] with qualifiers [@Decorated]
06:24:58 [main] DEBUG org.jboss.weld.Bootstrap - WELD-000106: Bean: Built-in Bean [java.security.Principal] with qualifiers [@Default]
06:24:58 [main] DEBUG org.jboss.weld.Bootstrap - WELD-000106: Bean: WELD%AbstractBuiltInBean%classes%DependentContext
06:24:58 [main] DEBUG org.jboss.weld.Bootstrap - WELD-000106: Bean: Implicit Bean [javax.enterprise.event.Event] with qualifiers [@Default]
06:24:58 [main] DEBUG org.jboss.weld.Bootstrap - WELD-000106: Bean: Session bean [class ar.com.dss.sga.service.PersonServiceImpl with qualifiers [@Any @Default]; local interfaces are [PersonService]
06:24:58 [main] DEBUG org.jboss.weld.Bootstrap - WELD-000106: Bean: Session bean [class ar.com.dss.sga.service.PersonServiceRemoteImpl with qualifiers [@Any @Default]; local interfaces are []
[...]
	at org.jboss.weld.module.ejb.InjectionPointPropagatingEnterpriseTargetBeanInstance.invoke(InjectionPointPropagatingEnterpriseTargetBeanInstance.java:68)
	at org.jboss.weld.bean.proxy.ProxyMethodHandler.invoke(ProxyMethodHandler.java:100)
	at ar.com.dss.sga.dao.PersonDao$481188402$Proxy$_$$_Weld$EnterpriseProxy$.listPeople(Unknown Source)
	at ar.com.dss.sga.service.PersonServiceImpl.listPeople(PersonServiceImpl.java:27)
	at sun.reflect.NativeMethodAccessorImpl.invoke0(Native Method)
	at sun.reflect.NativeMethodAccessorImpl.invoke(NativeMethodAccessorImpl.java:62)
	at sun.reflect.DelegatingMethodAccessorImpl.invoke(DelegatingMethodAccessorImpl.java:43)
	at java.lang.reflect.Method.invoke(Method.java:498)
	at org.glassfish.ejb.security.application.EJBSecurityManager.runMethod(EJBSecurityManager.java:1081)
	at org.glassfish.ejb.security.application.EJBSecurityManager.invoke(EJBSecurityManager.java:1153)
	at com.sun.ejb.containers.BaseContainer.invokeBeanMethod(BaseContainer.java:4820)
	at com.sun.ejb.EjbInvocation.invokeBeanMethod(EjbInvocation.java:656)
	at com.sun.ejb.containers.interceptors.AroundInvokeChainImpl.invokeNext(InterceptorManager.java:824)
	at com.sun.ejb.EjbInvocation.proceed(EjbInvocation.java:608)
	at org.jboss.weld.module.ejb.AbstractEJBRequestScopeActivationInterceptor.aroundInvoke(AbstractEJBRequestScopeActivationInterceptor.java:81)
	at org.jboss.weld.module.ejb.SessionBeanInterceptor.aroundInvoke(SessionBeanInterceptor.java:52)
	at sun.reflect.NativeMethodAccessorImpl.invoke0(Native Method)
	at sun.reflect.NativeMethodAccessorImpl.invoke(NativeMethodAccessorImpl.java:62)
	at sun.reflect.DelegatingMethodAccessorImpl.invoke(DelegatingMethodAccessorImpl.java:43)
	at java.lang.reflect.Method.invoke(Method.java:498)
	at com.sun.ejb.containers.interceptors.AroundInvokeInterceptor.intercept(InterceptorManager.java:883)
	at com.sun.ejb.containers.interceptors.AroundInvokeChainImpl.invokeNext(InterceptorManager.java:823)
	at com.sun.ejb.EjbInvocation.proceed(EjbInvocation.java:608)
	at com.sun.ejb.containers.interceptors.SystemInterceptorProxy.doCall(SystemInterceptorProxy.java:163)
	at com.sun.ejb.containers.interceptors.SystemInterceptorProxy.aroundInvoke(SystemInterceptorProxy.java:140)
	at sun.reflect.NativeMethodAccessorImpl.invoke0(Native Method)
	at sun.reflect.NativeMethodAccessorImpl.invoke(NativeMethodAccessorImpl.java:62)
	at sun.reflect.DelegatingMethodAccessorImpl.invoke(DelegatingMethodAccessorImpl.java:43)
	at java.lang.reflect.Method.invoke(Method.java:498)
	at com.sun.ejb.containers.interceptors.AroundInvokeInterceptor.intercept(InterceptorManager.java:883)
	at com.sun.ejb.containers.interceptors.AroundInvokeChainImpl.invokeNext(InterceptorManager.java:823)
	at com.sun.ejb.containers.interceptors.InterceptorManager.intercept(InterceptorManager.java:369)
	at com.sun.ejb.containers.BaseContainer.__intercept(BaseContainer.java:4792)
	at com.sun.ejb.containers.BaseContainer.intercept(BaseContainer.java:4780)
	at com.sun.ejb.containers.EJBLocalObjectInvocationHandler.invoke(EJBLocalObjectInvocationHandler.java:212)
	at com.sun.ejb.containers.EJBLocalObjectInvocationHandlerDelegate.invoke(EJBLocalObjectInvocationHandlerDelegate.java:88)
	at com.sun.proxy.$Proxy181.listPeople(Unknown Source)
	at test.TestEntities.testEJBPersonService(TestEntities.java:107)
	at test.TestEntities.testEJB(TestEntities.java:99)
	at sun.reflect.NativeMethodAccessorImpl.invoke0(Native Method)
	at sun.reflect.NativeMethodAccessorImpl.invoke(NativeMethodAccessorImpl.java:62)
	at sun.reflect.DelegatingMethodAccessorImpl.invoke(DelegatingMethodAccessorImpl.java:43)
	at java.lang.reflect.Method.invoke(Method.java:498)
	at org.junit.runners.model.FrameworkMethod$1.runReflectiveCall(FrameworkMethod.java:50)
	at org.junit.internal.runners.model.ReflectiveCallable.run(ReflectiveCallable.java:12)
	at org.junit.runners.model.FrameworkMethod.invokeExplosively(FrameworkMethod.java:47)
	at org.junit.internal.runners.statements.InvokeMethod.evaluate(InvokeMethod.java:17)
	at org.junit.internal.runners.statements.RunBefores.evaluate(RunBefores.java:26)
	at org.junit.runners.ParentRunner.runLeaf(ParentRunner.java:325)
	at org.junit.runners.BlockJUnit4ClassRunner.runChild(BlockJUnit4ClassRunner.java:78)
	at org.junit.runners.BlockJUnit4ClassRunner.runChild(BlockJUnit4ClassRunner.java:57)
	at org.junit.runners.ParentRunner$3.run(ParentRunner.java:290)
	at org.junit.runners.ParentRunner$1.schedule(ParentRunner.java:71)
	at org.junit.runners.ParentRunner.runChildren(ParentRunner.java:288)
	at org.junit.runners.ParentRunner.access$000(ParentRunner.java:58)
	at org.junit.runners.ParentRunner$2.evaluate(ParentRunner.java:268)
	at org.junit.runners.ParentRunner.run(ParentRunner.java:363)
	at org.apache.maven.surefire.junit4.JUnit4Provider.execute(JUnit4Provider.java:252)
	at org.apache.maven.surefire.junit4.JUnit4Provider.executeTestSet(JUnit4Provider.java:141)
	at org.apache.maven.surefire.junit4.JUnit4Provider.invoke(JUnit4Provider.java:112)
	at sun.reflect.NativeMethodAccessorImpl.invoke0(Native Method)
	at sun.reflect.NativeMethodAccessorImpl.invoke(NativeMethodAccessorImpl.java:62)
	at sun.reflect.DelegatingMethodAccessorImpl.invoke(DelegatingMethodAccessorImpl.java:43)
	at java.lang.reflect.Method.invoke(Method.java:498)
	at org.apache.maven.surefire.util.ReflectionUtils.invokeMethodWithArray(ReflectionUtils.java:189)
	at org.apache.maven.surefire.booter.ProviderFactory$ProviderProxy.invoke(ProviderFactory.java:165)
	at org.apache.maven.surefire.booter.ProviderFactory.invokeProvider(ProviderFactory.java:85)
	at org.apache.maven.surefire.booter.ForkedBooter.runSuitesInProcess(ForkedBooter.java:115)
	at org.apache.maven.surefire.booter.ForkedBooter.main(ForkedBooter.java:75)
Caused by: java.lang.IllegalStateException: Unable to retrieve EntityManagerFactory for unitName PersonPU
	at com.sun.enterprise.container.common.impl.EntityManagerWrapper.init(EntityManagerWrapper.java:138)
	at com.sun.enterprise.container.common.impl.EntityManagerWrapper._getDelegate(EntityManagerWrapper.java:171)
	at com.sun.enterprise.container.common.impl.EntityManagerWrapper.createNamedQuery(EntityManagerWrapper.java:515)
	at ar.com.dss.sga.dao.PersonDaoImpl.listPeople(PersonDaoImpl.java:27)
	at sun.reflect.NativeMethodAccessorImpl.invoke0(Native Method)
	at sun.reflect.NativeMethodAccessorImpl.invoke(NativeMethodAccessorImpl.java:62)
	at sun.reflect.DelegatingMethodAccessorImpl.invoke(DelegatingMethodAccessorImpl.java:43)
	at java.lang.reflect.Method.invoke(Method.java:498)
	at org.glassfish.ejb.security.application.EJBSecurityManager.runMethod(EJBSecurityManager.java:1081)
	at org.glassfish.ejb.security.application.EJBSecurityManager.invoke(EJBSecurityManager.java:1153)
	at com.sun.ejb.containers.BaseContainer.invokeBeanMethod(BaseContainer.java:4820)
	at com.sun.ejb.EjbInvocation.invokeBeanMethod(EjbInvocation.java:656)
	at com.sun.ejb.containers.interceptors.AroundInvokeChainImpl.invokeNext(InterceptorManager.java:824)
	at com.sun.ejb.EjbInvocation.proceed(EjbInvocation.java:608)
	at org.jboss.weld.module.ejb.AbstractEJBRequestScopeActivationInterceptor.aroundInvoke(AbstractEJBRequestScopeActivationInterceptor.java:72)
	at org.jboss.weld.module.ejb.SessionBeanInterceptor.aroundInvoke(SessionBeanInterceptor.java:52)
	at sun.reflect.NativeMethodAccessorImpl.invoke0(Native Method)
	at sun.reflect.NativeMethodAccessorImpl.invoke(NativeMethodAccessorImpl.java:62)
	at sun.reflect.DelegatingMethodAccessorImpl.invoke(DelegatingMethodAccessorImpl.java:43)
	at java.lang.reflect.Method.invoke(Method.java:498)
	at com.sun.ejb.containers.interceptors.AroundInvokeInterceptor.intercept(InterceptorManager.java:883)
	at com.sun.ejb.containers.interceptors.AroundInvokeChainImpl.invokeNext(InterceptorManager.java:823)
	at com.sun.ejb.EjbInvocation.proceed(EjbInvocation.java:608)
	at com.sun.ejb.containers.interceptors.SystemInterceptorProxy.doCall(SystemInterceptorProxy.java:163)
	at com.sun.ejb.containers.interceptors.SystemInterceptorProxy.aroundInvoke(SystemInterceptorProxy.java:140)
	at sun.reflect.NativeMethodAccessorImpl.invoke0(Native Method)
	at sun.reflect.NativeMethodAccessorImpl.invoke(NativeMethodAccessorImpl.java:62)
	at sun.reflect.DelegatingMethodAccessorImpl.invoke(DelegatingMethodAccessorImpl.java:43)
	at java.lang.reflect.Method.invoke(Method.java:498)
	at com.sun.ejb.containers.interceptors.AroundInvokeInterceptor.intercept(InterceptorManager.java:883)
	at com.sun.ejb.containers.interceptors.AroundInvokeChainImpl.invokeNext(InterceptorManager.java:823)
	at com.sun.ejb.containers.interceptors.InterceptorManager.intercept(InterceptorManager.java:369)
	at com.sun.ejb.containers.BaseContainer.__intercept(BaseContainer.java:4792)
	at com.sun.ejb.containers.BaseContainer.intercept(BaseContainer.java:4780)
	at com.sun.ejb.containers.EJBLocalObjectInvocationHandler.invoke(EJBLocalObjectInvocationHandler.java:212)
	... 78 more

dic 07, 2018 6:25:00 AM com.sun.ejb.containers.BaseContainer postInvoke
ADVERTENCIA: A system exception occurred during an invocation on EJB PersonServiceImpl, method: public java.util.List ar.com.dss.sga.service.PersonServiceImpl.listPeople()
dic 07, 2018 6:25:00 AM com.sun.ejb.containers.BaseContainer postInvoke
ADVERTENCIA: 
javax.ejb.EJBTransactionRolledbackException
	at com.sun.ejb.containers.BaseContainer.mapLocal3xException(BaseContainer.java:2376)
	at com.sun.ejb.containers.BaseContainer.postInvoke(BaseContainer.java:2158)
	at com.sun.ejb.containers.BaseContainer.postInvoke(BaseContainer.java:2078)
	at com.sun.ejb.containers.EJBLocalObjectInvocationHandler.invoke(EJBLocalObjectInvocationHandler.java:220)
	at com.sun.ejb.containers.EJBLocalObjectInvocationHandlerDelegate.invoke(EJBLocalObjectInvocationHandlerDelegate.java:88)
	at com.sun.proxy.$Proxy231.listPeople(Unknown Source)
	at sun.reflect.NativeMethodAccessorImpl.invoke0(Native Method)
	at sun.reflect.NativeMethodAccessorImpl.invoke(NativeMethodAccessorImpl.java:62)
	at sun.reflect.DelegatingMethodAccessorImpl.invoke(DelegatingMethodAccessorImpl.java:43)
	at java.lang.reflect.Method.invoke(Method.java:498)
	at org.jboss.weld.util.reflection.Reflections.invokeAndUnwrap(Reflections.java:411)
	at org.jboss.weld.module.ejb.EnterpriseBeanProxyMethodHandler.invoke(EnterpriseBeanProxyMethodHandler.java:128)
	at org.jboss.weld.bean.proxy.EnterpriseTargetBeanInstance.invoke(EnterpriseTargetBeanInstance.java:56)
	at org.jboss.weld.module.ejb.InjectionPointPropagatingEnterpriseTargetBeanInstance.invoke(InjectionPointPropagatingEnterpriseTargetBeanInstance.java:68)
	at org.jboss.weld.bean.proxy.ProxyMethodHandler.invoke(ProxyMethodHandler.java:100)
	at ar.com.dss.sga.dao.PersonDao$481188402$Proxy$_$$_Weld$EnterpriseProxy$.listPeople(Unknown Source)
	at ar.com.dss.sga.service.PersonServiceImpl.listPeople(PersonServiceImpl.java:27)
	at sun.reflect.NativeMethodAccessorImpl.invoke0(Native Method)
	at sun.reflect.NativeMethodAccessorImpl.invoke(NativeMethodAccessorImpl.java:62)
	at sun.reflect.DelegatingMethodAccessorImpl.invoke(DelegatingMethodAccessorImpl.java:43)
	at java.lang.reflect.Method.invoke(Method.java:498)
	at org.glassfish.ejb.security.application.EJBSecurityManager.runMethod(EJBSecurityManager.java:1081)
	at org.glassfish.ejb.security.application.EJBSecurityManager.invoke(EJBSecurityManager.java:1153)
	at com.sun.ejb.containers.BaseContainer.invokeBeanMethod(BaseContainer.java:4820)
	at com.sun.ejb.EjbInvocation.invokeBeanMethod(EjbInvocation.java:656)
	at com.sun.ejb.containers.interceptors.AroundInvokeChainImpl.invokeNext(InterceptorManager.java:824)
	at com.sun.ejb.EjbInvocation.proceed(EjbInvocation.java:608)
	at org.jboss.weld.module.ejb.AbstractEJBRequestScopeActivationInterceptor.aroundInvoke(AbstractEJBRequestScopeActivationInterceptor.java:81)
	at org.jboss.weld.module.ejb.SessionBeanInterceptor.aroundInvoke(SessionBeanInterceptor.java:52)
	at sun.reflect.NativeMethodAccessorImpl.invoke0(Native Method)
	at sun.reflect.NativeMethodAccessorImpl.invoke(NativeMethodAccessorImpl.java:62)
	at sun.reflect.DelegatingMethodAccessorImpl.invoke(DelegatingMethodAccessorImpl.java:43)
	at java.lang.reflect.Method.invoke(Method.java:498)
	at com.sun.ejb.containers.interceptors.AroundInvokeInterceptor.intercept(InterceptorManager.java:883)
	at com.sun.ejb.containers.interceptors.AroundInvokeChainImpl.invokeNext(InterceptorManager.java:823)
	at com.sun.ejb.EjbInvocation.proceed(EjbInvocation.java:608)
	at com.sun.ejb.containers.interceptors.SystemInterceptorProxy.doCall(SystemInterceptorProxy.java:163)
	at com.sun.ejb.containers.interceptors.SystemInterceptorProxy.aroundInvoke(SystemInterceptorProxy.java:140)
	at sun.reflect.NativeMethodAccessorImpl.invoke0(Native Method)
	at sun.reflect.NativeMethodAccessorImpl.invoke(NativeMethodAccessorImpl.java:62)
	at sun.reflect.DelegatingMethodAccessorImpl.invoke(DelegatingMethodAccessorImpl.java:43)
	at java.lang.reflect.Method.invoke(Method.java:498)
	at com.sun.ejb.containers.interceptors.AroundInvokeInterceptor.intercept(InterceptorManager.java:883)
	at com.sun.ejb.containers.interceptors.AroundInvokeChainImpl.invokeNext(InterceptorManager.java:823)
	at com.sun.ejb.containers.interceptors.InterceptorManager.intercept(InterceptorManager.java:369)
	at com.sun.ejb.containers.BaseContainer.__intercept(BaseContainer.java:4792)
	at com.sun.ejb.containers.BaseContainer.intercept(BaseContainer.java:4780)
	at com.sun.ejb.containers.EJBLocalObjectInvocationHandler.invoke(EJBLocalObjectInvocationHandler.java:212)
	at com.sun.ejb.containers.EJBLocalObjectInvocationHandlerDelegate.invoke(EJBLocalObjectInvocationHandlerDelegate.java:88)
	at com.sun.proxy.$Proxy181.listPeople(Unknown Source)
	at test.TestEntities.testEJBPersonService(TestEntities.java:107)
	at test.TestEntities.testEJB(TestEntities.java:99)
	at sun.reflect.NativeMethodAccessorImpl.invoke0(Native Method)
	at sun.reflect.NativeMethodAccessorImpl.invoke(NativeMethodAccessorImpl.java:62)
	at sun.reflect.DelegatingMethodAccessorImpl.invoke(DelegatingMethodAccessorImpl.java:43)
	at java.lang.reflect.Method.invoke(Method.java:498)
	at org.junit.runners.model.FrameworkMethod$1.runReflectiveCall(FrameworkMethod.java:50)
	at org.junit.internal.runners.model.ReflectiveCallable.run(ReflectiveCallable.java:12)
	at org.junit.runners.model.FrameworkMethod.invokeExplosively(FrameworkMethod.java:47)
	at org.junit.internal.runners.statements.InvokeMethod.evaluate(InvokeMethod.java:17)
	at org.junit.internal.runners.statements.RunBefores.evaluate(RunBefores.java:26)
	at org.junit.runners.ParentRunner.runLeaf(ParentRunner.java:325)
	at org.junit.runners.BlockJUnit4ClassRunner.runChild(BlockJUnit4ClassRunner.java:78)
	at org.junit.runners.BlockJUnit4ClassRunner.runChild(BlockJUnit4ClassRunner.java:57)
	at org.junit.runners.ParentRunner$3.run(ParentRunner.java:290)
	at org.junit.runners.ParentRunner$1.schedule(ParentRunner.java:71)
	at org.junit.runners.ParentRunner.runChildren(ParentRunner.java:288)
	at org.junit.runners.ParentRunner.access$000(ParentRunner.java:58)
	at org.junit.runners.ParentRunner$2.evaluate(ParentRunner.java:268)
	at org.junit.runners.ParentRunner.run(ParentRunner.java:363)
	at org.apache.maven.surefire.junit4.JUnit4Provider.execute(JUnit4Provider.java:252)
	at org.apache.maven.surefire.junit4.JUnit4Provider.executeTestSet(JUnit4Provider.java:141)
	at org.apache.maven.surefire.junit4.JUnit4Provider.invoke(JUnit4Provider.java:112)
	at sun.reflect.NativeMethodAccessorImpl.invoke0(Native Method)
	at sun.reflect.NativeMethodAccessorImpl.invoke(NativeMethodAccessorImpl.java:62)
	at sun.reflect.DelegatingMethodAccessorImpl.invoke(DelegatingMethodAccessorImpl.java:43)
	at java.lang.reflect.Method.invoke(Method.java:498)
	at org.apache.maven.surefire.util.ReflectionUtils.invokeMethodWithArray(ReflectionUtils.java:189)
	at org.apache.maven.surefire.booter.ProviderFactory$ProviderProxy.invoke(ProviderFactory.java:165)
	at org.apache.maven.surefire.booter.ProviderFactory.invokeProvider(ProviderFactory.java:85)
	at org.apache.maven.surefire.booter.ForkedBooter.runSuitesInProcess(ForkedBooter.java:115)
	at org.apache.maven.surefire.booter.ForkedBooter.main(ForkedBooter.java:75)
Caused by: javax.ejb.TransactionRolledbackLocalException: Exception thrown from bean
	at com.sun.ejb.containers.EJBContainerTransactionManager.checkExceptionClientTx(EJBContainerTransactionManager.java:666)
	at com.sun.ejb.containers.EJBContainerTransactionManager.postInvokeTx(EJBContainerTransactionManager.java:511)
	at com.sun.ejb.containers.BaseContainer.postInvokeTx(BaseContainer.java:4600)
	at com.sun.ejb.containers.BaseContainer.postInvoke(BaseContainer.java:2108)
	... 80 more
Caused by: java.lang.IllegalStateException: Unable to retrieve EntityManagerFactory for unitName PersonPU
	at com.sun.enterprise.container.common.impl.EntityManagerWrapper.init(EntityManagerWrapper.java:138)
	at com.sun.enterprise.container.common.impl.EntityManagerWrapper._getDelegate(EntityManagerWrapper.java:171)
	at com.sun.enterprise.container.common.impl.EntityManagerWrapper.createNamedQuery(EntityManagerWrapper.java:515)
	at ar.com.dss.sga.dao.PersonDaoImpl.listPeople(PersonDaoImpl.java:27)
	at sun.reflect.NativeMethodAccessorImpl.invoke0(Native Method)
	at sun.reflect.NativeMethodAccessorImpl.invoke(NativeMethodAccessorImpl.java:62)
	at sun.reflect.DelegatingMethodAccessorImpl.invoke(DelegatingMethodAccessorImpl.java:43)
	at java.lang.reflect.Method.invoke(Method.java:498)
	at org.glassfish.ejb.security.application.EJBSecurityManager.runMethod(EJBSecurityManager.java:1081)
	at org.glassfish.ejb.security.application.EJBSecurityManager.invoke(EJBSecurityManager.java:1153)
	at com.sun.ejb.containers.BaseContainer.invokeBeanMethod(BaseContainer.java:4820)
	at com.sun.ejb.EjbInvocation.invokeBeanMethod(EjbInvocation.java:656)
	at com.sun.ejb.containers.interceptors.AroundInvokeChainImpl.invokeNext(InterceptorManager.java:824)
	at com.sun.ejb.EjbInvocation.proceed(EjbInvocation.java:608)
	at org.jboss.weld.module.ejb.AbstractEJBRequestScopeActivationInterceptor.aroundInvoke(AbstractEJBRequestScopeActivationInterceptor.java:72)
	at org.jboss.weld.module.ejb.SessionBeanInterceptor.aroundInvoke(SessionBeanInterceptor.java:52)
	at sun.reflect.NativeMethodAccessorImpl.invoke0(Native Method)
	at sun.reflect.NativeMethodAccessorImpl.invoke(NativeMethodAccessorImpl.java:62)
	at sun.reflect.DelegatingMethodAccessorImpl.invoke(DelegatingMethodAccessorImpl.java:43)
	at java.lang.reflect.Method.invoke(Method.java:498)
	at com.sun.ejb.containers.interceptors.AroundInvokeInterceptor.intercept(InterceptorManager.java:883)
	at com.sun.ejb.containers.interceptors.AroundInvokeChainImpl.invokeNext(InterceptorManager.java:823)
	at com.sun.ejb.EjbInvocation.proceed(EjbInvocation.java:608)
	at com.sun.ejb.containers.interceptors.SystemInterceptorProxy.doCall(SystemInterceptorProxy.java:163)
	at com.sun.ejb.containers.interceptors.SystemInterceptorProxy.aroundInvoke(SystemInterceptorProxy.java:140)
	at sun.reflect.NativeMethodAccessorImpl.invoke0(Native Method)
	at sun.reflect.NativeMethodAccessorImpl.invoke(NativeMethodAccessorImpl.java:62)
	at sun.reflect.DelegatingMethodAccessorImpl.invoke(DelegatingMethodAccessorImpl.java:43)
	at java.lang.reflect.Method.invoke(Method.java:498)
	at com.sun.ejb.containers.interceptors.AroundInvokeInterceptor.intercept(InterceptorManager.java:883)
	at com.sun.ejb.containers.interceptors.AroundInvokeChainImpl.invokeNext(InterceptorManager.java:823)
	at com.sun.ejb.containers.interceptors.InterceptorManager.intercept(InterceptorManager.java:369)
	at com.sun.ejb.containers.BaseContainer.__intercept(BaseContainer.java:4792)
	at com.sun.ejb.containers.BaseContainer.intercept(BaseContainer.java:4780)
	at com.sun.ejb.containers.EJBLocalObjectInvocationHandler.invoke(EJBLocalObjectInvocationHandler.java:212)
	... 78 more

</system-err>
  </testcase>
</testsuite>